<?xml version="1.0" encoding="UTF-8"?>
<robot generator="Robot 6.1.1 (Python 3.11.0 on win32)" generated="20260601 21:35:39.384" rpa="false" schemaversion="4">
<suite id="s1" name="Hdu2 Cadastro Item" source="C:\Users\kevin\OneDrive\Desktop\Trabalho da Faculdade\controle-compras-idoso\tests\robot\us002\hdu2_cadastro_item.robot">
<kw name="Setup Testes" type="SETUP">
<kw name="Abrir Navegador">
<kw name="Open Browser" library="SeleniumLibrary">
<arg>${BASE_URL}</arg>
<arg>chrome</arg>
<doc>Opens a new browser instance to the optional ``url``.</doc>
<msg timestamp="20260601 21:35:39.609" level="INFO">Opening browser 'chrome' to base url 'http://localhost:3000'.</msg>
<status status="PASS" starttime="20260601 21:35:39.609" endtime="20260601 21:35:41.175"/>
</kw>
<kw name="Set Selenium Implicit Wait" library="SeleniumLibrary">
<arg>10s</arg>
<doc>Sets the implicit wait value used by Selenium.</doc>
<status status="PASS" starttime="20260601 21:35:41.176" endtime="20260601 21:35:41.177"/>
</kw>
<kw name="Maximize Browser Window" library="SeleniumLibrary">
<doc>Maximizes current browser window.</doc>
<status status="PASS" starttime="20260601 21:35:41.177" endtime="20260601 21:35:41.203"/>
</kw>
<status status="PASS" starttime="20260601 21:35:39.609" endtime="20260601 21:35:41.204"/>
</kw>
<kw name="Criar Idoso De Teste">
<kw name="Execute Javascript" library="SeleniumLibrary">
<arg>localStorage.setItem('idosos', JSON.stringify([{id: '1', nome: 'Maria'}]))</arg>
<doc>Executes the given JavaScript code with possible arguments.</doc>
<msg timestamp="20260601 21:35:41.204" level="INFO">Executing JavaScript:
localStorage.setItem('idosos', JSON.stringify([{id: '1', nome: 'Maria'}]))
Without any arguments.</msg>
<status status="PASS" starttime="20260601 21:35:41.204" endtime="20260601 21:35:41.210"/>
</kw>
<status status="PASS" starttime="20260601 21:35:41.204" endtime="20260601 21:35:41.211"/>
</kw>
<status status="PASS" starttime="20260601 21:35:39.609" endtime="20260601 21:35:41.211"/>
</kw>
<test id="s1-t1" name="CT-02-01 Salvar item sem preencher nenhum campo" line="13">
<kw name="Ir Para Pagina">
<arg>${BASE_URL}</arg>
<kw name="Go To" library="SeleniumLibrary">
<arg>${url}</arg>
<doc>Navigates the current browser window to the provided ``url``.</doc>
<msg timestamp="20260601 21:35:41.212" level="INFO">Opening url 'http://localhost:3000'</msg>
<status status="PASS" starttime="20260601 21:35:41.212" endtime="20260601 21:35:41.237"/>
</kw>
<status status="PASS" starttime="20260601 21:35:41.211" endtime="20260601 21:35:41.237"/>
</kw>
<kw name="Fazer Login">
<arg>${LOGIN_EMAIL}</arg>
<arg>${LOGIN_SENHA}</arg>
<kw name="Wait Until Element Is Visible" library="SeleniumLibrary">
<arg>css=[data-testid="login-email"]</arg>
<arg>10s</arg>
<doc>Waits until the element ``locator`` is visible.</doc>
<status status="PASS" starttime="20260601 21:35:41.238" endtime="20260601 21:35:41.263"/>
</kw>
<kw name="Input Text" library="SeleniumLibrary">
<arg>css=[data-testid="login-email"]</arg>
<arg>${email}</arg>
<doc>Types the given ``text`` into the text field identified by ``locator``.</doc>
<msg timestamp="20260601 21:35:41.263" level="INFO">Typing text 'admin@familia.com' into text field 'css=[data-testid="login-email"]'.</msg>
<status status="PASS" starttime="20260601 21:35:41.263" endtime="20260601 21:35:41.378"/>
</kw>
<kw name="Input Text" library="SeleniumLibrary">
<arg>css=[data-testid="login-senha"]</arg>
<arg>${senha}</arg>
<doc>Types the given ``text`` into the text field identified by ``locator``.</doc>
<msg timestamp="20260601 21:35:41.378" level="INFO">Typing text '123456' into text field 'css=[data-testid="login-senha"]'.</msg>
<status status="PASS" starttime="20260601 21:35:41.378" endtime="20260601 21:35:41.455"/>
</kw>
<kw name="Click Element" library="SeleniumLibrary">
<arg>css=[data-testid="login-submit"]</arg>
<doc>Click the element identified by ``locator``.</doc>
<msg timestamp="20260601 21:35:41.456" level="INFO">Clicking element 'css=[data-testid="login-submit"]'.</msg>
<status status="PASS" starttime="20260601 21:35:41.456" endtime="20260601 21:35:41.569"/>
</kw>
<kw name="Wait Until Element Is Visible" library="SeleniumLibrary">
<arg>css=.main-container</arg>
<arg>10s</arg>
<doc>Waits until the element ``locator`` is visible.</doc>
<status status="PASS" starttime="20260601 21:35:41.570" endtime="20260601 21:35:41.588"/>
</kw>
<status status="PASS" starttime="20260601 21:35:41.238" endtime="20260601 21:35:41.588"/>
</kw>
<kw name="Clicar Em Salvar Item">
<kw name="Click Element" library="SeleniumLibrary">
<arg>css=[data-testid="salvar-item"]</arg>
<doc>Click the element identified by ``locator``.</doc>
<msg timestamp="20260601 21:35:41.589" level="INFO">Clicking element 'css=[data-testid="salvar-item"]'.</msg>
<status status="PASS" starttime="20260601 21:35:41.589" endtime="20260601 21:35:41.651"/>
</kw>
<kw name="Wait Until Element Is Visible" library="SeleniumLibrary">
<arg>css=.main-container</arg>
<arg>5s</arg>
<doc>Waits until the element ``locator`` is visible.</doc>
<status status="PASS" starttime="20260601 21:35:41.651" endtime="20260601 21:35:41.666"/>
</kw>
<status status="PASS" starttime="20260601 21:35:41.589" endtime="20260601 21:35:41.666"/>
</kw>
<kw name="Verificar Mensagem Erro Nome Item">
<kw name="Element Should Be Visible" library="SeleniumLibrary">
<arg>css=[data-testid="erro-nome-item"]</arg>
<doc>Verifies that the element identified by ``locator`` is visible.</doc>
<msg timestamp="20260601 21:35:41.682" level="INFO">Element 'css=[data-testid="erro-nome-item"]' is displayed.</msg>
<status status="PASS" starttime="20260601 21:35:41.666" endtime="20260601 21:35:41.683"/>
</kw>
<status status="PASS" starttime="20260601 21:35:41.666" endtime="20260601 21:35:41.683"/>
</kw>
<doc>Verifica se o sistema exibe erro ao tentar salvar item sem preencher campos</doc>
<tag>cadastro</tag>
<tag>HdU02</tag>
<tag>validacao</tag>
<status status="PASS" starttime="20260601 21:35:41.211" endtime="20260601 21:35:41.683"/>
</test>
<test id="s1-t2" name="CT-02-02 Salvar item sem informar o nome do idoso" line="21">
<kw name="Ir Para Pagina">
<arg>${BASE_URL}</arg>
<kw name="Go To" library="SeleniumLibrary">
<arg>${url}</arg>
<doc>Navigates the current browser window to the provided ``url``.</doc>
<msg timestamp="20260601 21:35:41.685" level="INFO">Opening url 'http://localhost:3000'</msg>
<status status="PASS" starttime="20260601 21:35:41.685" endtime="20260601 21:35:41.712"/>
</kw>
<status status="PASS" starttime="20260601 21:35:41.685" endtime="20260601 21:35:41.712"/>
</kw>
<kw name="Fazer Login">
<arg>${LOGIN_EMAIL}</arg>
<arg>${LOGIN_SENHA}</arg>
<kw name="Wait Until Element Is Visible" library="SeleniumLibrary">
<arg>css=[data-testid="login-email"]</arg>
<arg>10s</arg>
<doc>Waits until the element ``locator`` is visible.</doc>
<status status="PASS" starttime="20260601 21:35:41.713" endtime="20260601 21:35:41.729"/>
</kw>
<kw name="Input Text" library="SeleniumLibrary">
<arg>css=[data-testid="login-email"]</arg>
<arg>${email}</arg>
<doc>Types the given ``text`` into the text field identified by ``locator``.</doc>
<msg timestamp="20260601 21:35:41.730" level="INFO">Typing text 'admin@familia.com' into text field 'css=[data-testid="login-email"]'.</msg>
<status status="PASS" starttime="20260601 21:35:41.729" endtime="20260601 21:35:41.793"/>
</kw>
<kw name="Input Text" library="SeleniumLibrary">
<arg>css=[data-testid="login-senha"]</arg>
<arg>${senha}</arg>
<doc>Types the given ``text`` into the text field identified by ``locator``.</doc>
<msg timestamp="20260601 21:35:41.793" level="INFO">Typing text '123456' into text field 'css=[data-testid="login-senha"]'.</msg>
<status status="PASS" starttime="20260601 21:35:41.793" endtime="20260601 21:35:41.887"/>
</kw>
<kw name="Click Element" library="SeleniumLibrary">
<arg>css=[data-testid="login-submit"]</arg>
<doc>Click the element identified by ``locator``.</doc>
<msg timestamp="20260601 21:35:41.887" level="INFO">Clicking element 'css=[data-testid="login-submit"]'.</msg>
<status status="PASS" starttime="20260601 21:35:41.887" endtime="20260601 21:35:41.982"/>
</kw>
<kw name="Wait Until Element Is Visible" library="SeleniumLibrary">
<arg>css=.main-container</arg>
<arg>10s</arg>
<doc>Waits until the element ``locator`` is visible.</doc>
<status status="PASS" starttime="20260601 21:35:41.982" endtime="20260601 21:35:42.017"/>
</kw>
<status status="PASS" starttime="20260601 21:35:41.712" endtime="20260601 21:35:42.017"/>
</kw>
<kw name="Preencher Nome Item">
<arg>Leite</arg>
<kw name="Input Text" library="SeleniumLibrary">
<arg>css=[data-testid="nome-item"]</arg>
<arg>${nome}</arg>
<doc>Types the given ``text`` into the text field identified by ``locator``.</doc>
<msg timestamp="20260601 21:35:42.018" level="INFO">Typing text 'Leite' into text field 'css=[data-testid="nome-item"]'.</msg>
<status status="PASS" starttime="20260601 21:35:42.018" endtime="20260601 21:35:42.121"/>
</kw>
<status status="PASS" starttime="20260601 21:35:42.018" endtime="20260601 21:35:42.121"/>
</kw>
<kw name="Clicar Em Salvar Item">
<kw name="Click Element" library="SeleniumLibrary">
<arg>css=[data-testid="salvar-item"]</arg>
<doc>Click the element identified by ``locator``.</doc>
<msg timestamp="20260601 21:35:42.123" level="INFO">Clicking element 'css=[data-testid="salvar-item"]'.</msg>
<status status="PASS" starttime="20260601 21:35:42.123" endtime="20260601 21:35:42.195"/>
</kw>
<kw name="Wait Until Element Is Visible" library="SeleniumLibrary">
<arg>css=.main-container</arg>
<arg>5s</arg>
<doc>Waits until the element ``locator`` is visible.</doc>
<status status="PASS" starttime="20260601 21:35:42.195" endtime="20260601 21:35:42.213"/>
</kw>
<status status="PASS" starttime="20260601 21:35:42.121" endtime="20260601 21:35:42.214"/>
</kw>
<kw name="Verificar Mensagem Erro Nome Idoso">
<kw name="Element Should Be Visible" library="SeleniumLibrary">
<arg>css=[data-testid="erro-nome-idoso"]</arg>
<doc>Verifies that the element identified by ``locator`` is visible.</doc>
<msg timestamp="20260601 21:35:42.232" level="INFO">Element 'css=[data-testid="erro-nome-idoso"]' is displayed.</msg>
<status status="PASS" starttime="20260601 21:35:42.214" endtime="20260601 21:35:42.232"/>
</kw>
<status status="PASS" starttime="20260601 21:35:42.214" endtime="20260601 21:35:42.232"/>
</kw>
<doc>Verifica se o sistema exibe erro ao tentar salvar item sem nome do idoso</doc>
<tag>cadastro</tag>
<tag>HdU02</tag>
<tag>validacao</tag>
<status status="PASS" starttime="20260601 21:35:41.685" endtime="20260601 21:35:42.232"/>
</test>
<test id="s1-t3" name="CT-02-03 Salvar item sem informar o familiar responsável" line="30">
<kw name="Ir Para Pagina">
<arg>${BASE_URL}</arg>
<kw name="Go To" library="SeleniumLibrary">
<arg>${url}</arg>
<doc>Navigates the current browser window to the provided ``url``.</doc>
<msg timestamp="20260601 21:35:42.234" level="INFO">Opening url 'http://localhost:3000'</msg>
<status status="PASS" starttime="20260601 21:35:42.233" endtime="20260601 21:35:42.262"/>
</kw>
<status status="PASS" starttime="20260601 21:35:42.233" endtime="20260601 21:35:42.263"/>
</kw>
<kw name="Fazer Login">
<arg>${LOGIN_EMAIL}</arg>
<arg>${LOGIN_SENHA}</arg>
<kw name="Wait Until Element Is Visible" library="SeleniumLibrary">
<arg>css=[data-testid="login-email"]</arg>
<arg>10s</arg>
<doc>Waits until the element ``locator`` is visible.</doc>
<status status="PASS" starttime="20260601 21:35:42.263" endtime="20260601 21:35:42.304"/>
</kw>
<kw name="Input Text" library="SeleniumLibrary">
<arg>css=[data-testid="login-email"]</arg>
<arg>${email}</arg>
<doc>Types the given ``text`` into the text field identified by ``locator``.</doc>
<msg timestamp="20260601 21:35:42.304" level="INFO">Typing text 'admin@familia.com' into text field 'css=[data-testid="login-email"]'.</msg>
<status status="PASS" starttime="20260601 21:35:42.304" endtime="20260601 21:35:42.377"/>
</kw>
<kw name="Input Text" library="SeleniumLibrary">
<arg>css=[data-testid="login-senha"]</arg>
<arg>${senha}</arg>
<doc>Types the given ``text`` into the text field identified by ``locator``.</doc>
<msg timestamp="20260601 21:35:42.378" level="INFO">Typing text '123456' into text field 'css=[data-testid="login-senha"]'.</msg>
<status status="PASS" starttime="20260601 21:35:42.378" endtime="20260601 21:35:42.451"/>
</kw>
<kw name="Click Element" library="SeleniumLibrary">
<arg>css=[data-testid="login-submit"]</arg>
<doc>Click the element identified by ``locator``.</doc>
<msg timestamp="20260601 21:35:42.451" level="INFO">Clicking element 'css=[data-testid="login-submit"]'.</msg>
<status status="PASS" starttime="20260601 21:35:42.451" endtime="20260601 21:35:42.499"/>
</kw>
<kw name="Wait Until Element Is Visible" library="SeleniumLibrary">
<arg>css=.main-container</arg>
<arg>10s</arg>
<doc>Waits until the element ``locator`` is visible.</doc>
<status status="PASS" starttime="20260601 21:35:42.499" endtime="20260601 21:35:42.515"/>
</kw>
<status status="PASS" starttime="20260601 21:35:42.263" endtime="20260601 21:35:42.515"/>
</kw>
<kw name="Preencher Nome Item">
<arg>Arroz</arg>
<kw name="Input Text" library="SeleniumLibrary">
<arg>css=[data-testid="nome-item"]</arg>
<arg>${nome}</arg>
<doc>Types the given ``text`` into the text field identified by ``locator``.</doc>
<msg timestamp="20260601 21:35:42.516" level="INFO">Typing text 'Arroz' into text field 'css=[data-testid="nome-item"]'.</msg>
<status status="PASS" starttime="20260601 21:35:42.516" endtime="20260601 21:35:42.583"/>
</kw>
<status status="PASS" starttime="20260601 21:35:42.516" endtime="20260601 21:35:42.584"/>
</kw>
<kw name="Preencher Nome Idoso">
<arg>Maria</arg>
<kw name="Select From List By Value" library="SeleniumLibrary">
<arg>css=[data-testid="select-idoso"]</arg>
<arg>${nome_idoso}</arg>
<doc>Selects options from selection list ``locator`` by ``values``.</doc>
<msg timestamp="20260601 21:35:42.585" level="INFO">Selecting options from selection list 'css=[data-testid="select-idoso"]' by value Maria.</msg>
<status status="PASS" starttime="20260601 21:35:42.585" endtime="20260601 21:35:42.651"/>
</kw>
<status status="PASS" starttime="20260601 21:35:42.584" endtime="20260601 21:35:42.652"/>
</kw>
<kw name="Clicar Em Salvar Item">
<kw name="Click Element" library="SeleniumLibrary">
<arg>css=[data-testid="salvar-item"]</arg>
<doc>Click the element identified by ``locator``.</doc>
<msg timestamp="20260601 21:35:42.652" level="INFO">Clicking element 'css=[data-testid="salvar-item"]'.</msg>
<status status="PASS" starttime="20260601 21:35:42.652" endtime="20260601 21:35:42.702"/>
</kw>
<kw name="Wait Until Element Is Visible" library="SeleniumLibrary">
<arg>css=.main-container</arg>
<arg>5s</arg>
<doc>Waits until the element ``locator`` is visible.</doc>
<status status="PASS" starttime="20260601 21:35:42.702" endtime="20260601 21:35:42.716"/>
</kw>
<status status="PASS" starttime="20260601 21:35:42.652" endtime="20260601 21:35:42.716"/>
</kw>
<kw name="Verificar Mensagem Erro Familiar">
<kw name="Element Should Be Visible" library="SeleniumLibrary">
<arg>css=[data-testid="erro-familiar-responsavel"]</arg>
<doc>Verifies that the element identified by ``locator`` is visible.</doc>
<msg timestamp="20260601 21:35:42.732" level="INFO">Element 'css=[data-testid="erro-familiar-responsavel"]' is displayed.</msg>
<status status="PASS" starttime="20260601 21:35:42.717" endtime="20260601 21:35:42.732"/>
</kw>
<status status="PASS" starttime="20260601 21:35:42.717" endtime="20260601 21:35:42.732"/>
</kw>
<doc>Verifica se o sistema exibe erro ao tentar salvar item sem familiar responsável</doc>
<tag>cadastro</tag>
<tag>HdU02</tag>
<tag>validacao</tag>
<status status="PASS" starttime="20260601 21:35:42.232" endtime="20260601 21:35:42.732"/>
</test>
<test id="s1-t4" name="CT-02-04 Cadastro de item com sucesso" line="40">
<kw name="Ir Para Pagina">
<arg>${BASE_URL}</arg>
<kw name="Go To" library="SeleniumLibrary">
<arg>${url}</arg>
<doc>Navigates the current browser window to the provided ``url``.</doc>
<msg timestamp="20260601 21:35:42.733" level="INFO">Opening url 'http://localhost:3000'</msg>
<status status="PASS" starttime="20260601 21:35:42.733" endtime="20260601 21:35:42.756"/>
</kw>
<status status="PASS" starttime="20260601 21:35:42.733" endtime="20260601 21:35:42.756"/>
</kw>
<kw name="Fazer Login">
<arg>${LOGIN_EMAIL}</arg>
<arg>${LOGIN_SENHA}</arg>
<kw name="Wait Until Element Is Visible" library="SeleniumLibrary">
<arg>css=[data-testid="login-email"]</arg>
<arg>10s</arg>
<doc>Waits until the element ``locator`` is visible.</doc>
<status status="PASS" starttime="20260601 21:35:42.757" endtime="20260601 21:35:42.771"/>
</kw>
<kw name="Input Text" library="SeleniumLibrary">
<arg>css=[data-testid="login-email"]</arg>
<arg>${email}</arg>
<doc>Types the given ``text`` into the text field identified by ``locator``.</doc>
<msg timestamp="20260601 21:35:42.771" level="INFO">Typing text 'admin@familia.com' into text field 'css=[data-testid="login-email"]'.</msg>
<status status="PASS" starttime="20260601 21:35:42.771" endtime="20260601 21:35:42.832"/>
</kw>
<kw name="Input Text" library="SeleniumLibrary">
<arg>css=[data-testid="login-senha"]</arg>
<arg>${senha}</arg>
<doc>Types the given ``text`` into the text field identified by ``locator``.</doc>
<msg timestamp="20260601 21:35:42.833" level="INFO">Typing text '123456' into text field 'css=[data-testid="login-senha"]'.</msg>
<status status="PASS" starttime="20260601 21:35:42.832" endtime="20260601 21:35:42.890"/>
</kw>
<kw name="Click Element" library="SeleniumLibrary">
<arg>css=[data-testid="login-submit"]</arg>
<doc>Click the element identified by ``locator``.</doc>
<msg timestamp="20260601 21:35:42.891" level="INFO">Clicking element 'css=[data-testid="login-submit"]'.</msg>
<status status="PASS" starttime="20260601 21:35:42.890" endtime="20260601 21:35:42.948"/>
</kw>
<kw name="Wait Until Element Is Visible" library="SeleniumLibrary">
<arg>css=.main-container</arg>
<arg>10s</arg>
<doc>Waits until the element ``locator`` is visible.</doc>
<status status="PASS" starttime="20260601 21:35:42.948" endtime="20260601 21:35:42.962"/>
</kw>
<status status="PASS" starttime="20260601 21:35:42.756" endtime="20260601 21:35:42.962"/>
</kw>
<kw name="Preencher Nome Item">
<arg>Pão</arg>
<kw name="Input Text" library="SeleniumLibrary">
<arg>css=[data-testid="nome-item"]</arg>
<arg>${nome}</arg>
<doc>Types the given ``text`` into the text field identified by ``locator``.</doc>
<msg timestamp="20260601 21:35:42.963" level="INFO">Typing text 'Pão' into text field 'css=[data-testid="nome-item"]'.</msg>
<status status="PASS" starttime="20260601 21:35:42.963" endtime="20260601 21:35:43.018"/>
</kw>
<status status="PASS" starttime="20260601 21:35:42.963" endtime="20260601 21:35:43.018"/>
</kw>
<kw name="Preencher Nome Idoso">
<arg>Maria</arg>
<kw name="Select From List By Value" library="SeleniumLibrary">
<arg>css=[data-testid="select-idoso"]</arg>
<arg>${nome_idoso}</arg>
<doc>Selects options from selection list ``locator`` by ``values``.</doc>
<msg timestamp="20260601 21:35:43.019" level="INFO">Selecting options from selection list 'css=[data-testid="select-idoso"]' by value Maria.</msg>
<status status="PASS" starttime="20260601 21:35:43.018" endtime="20260601 21:35:43.087"/>
</kw>
<status status="PASS" starttime="20260601 21:35:43.018" endtime="20260601 21:35:43.088"/>
</kw>
<kw name="Preencher Familiar Responsavel">
<arg>João</arg>
<kw name="Input Text" library="SeleniumLibrary">
<arg>css=[data-testid="familiar-responsavel"]</arg>
<arg>${familiar}</arg>
<doc>Types the given ``text`` into the text field identified by ``locator``.</doc>
<msg timestamp="20260601 21:35:43.089" level="INFO">Typing text 'João' into text field 'css=[data-testid="familiar-responsavel"]'.</msg>
<status status="PASS" starttime="20260601 21:35:43.089" endtime="20260601 21:35:43.168"/>
</kw>
<status status="PASS" starttime="20260601 21:35:43.089" endtime="20260601 21:35:43.168"/>
</kw>
<kw name="Clicar Em Salvar Item">
<kw name="Click Element" library="SeleniumLibrary">
<arg>css=[data-testid="salvar-item"]</arg>
<doc>Click the element identified by ``locator``.</doc>
<msg timestamp="20260601 21:35:43.169" level="INFO">Clicking element 'css=[data-testid="salvar-item"]'.</msg>
<status status="PASS" starttime="20260601 21:35:43.169" endtime="20260601 21:35:43.243"/>
</kw>
<kw name="Wait Until Element Is Visible" library="SeleniumLibrary">
<arg>css=.main-container</arg>
<arg>5s</arg>
<doc>Waits until the element ``locator`` is visible.</doc>
<status status="PASS" starttime="20260601 21:35:43.243" endtime="20260601 21:35:43.334"/>
</kw>
<status status="PASS" starttime="20260601 21:35:43.169" endtime="20260601 21:35:43.334"/>
</kw>
<kw name="Verificar Item Na Lista">
<arg>Pão</arg>
<kw name="Wait Until Element Is Visible" library="SeleniumLibrary">
<arg>css=.main-container</arg>
<arg>10s</arg>
<doc>Waits until the element ``locator`` is visible.</doc>
<status status="PASS" starttime="20260601 21:35:43.335" endtime="20260601 21:35:43.350"/>
</kw>
<kw name="Page Should Contain" library="SeleniumLibrary">
<arg>${nome_item}</arg>
<doc>Verifies that current page contains ``text``.</doc>
<msg timestamp="20260601 21:35:43.364" level="INFO">Current page contains text 'Pão'.</msg>
<status status="PASS" starttime="20260601 21:35:43.350" endtime="20260601 21:35:43.364"/>
</kw>
<status status="PASS" starttime="20260601 21:35:43.335" endtime="20260601 21:35:43.364"/>
</kw>
<doc>Verifica se o item é salvo corretamente quando todos os campos são preenchidos</doc>
<tag>cadastro</tag>
<tag>HdU02</tag>
<tag>sucesso</tag>
<status status="PASS" starttime="20260601 21:35:42.733" endtime="20260601 21:35:43.366"/>
</test>
<kw name="Fechar Navegador" type="TEARDOWN">
<kw name="Close Browser" library="SeleniumLibrary">
<doc>Closes the current browser.</doc>
<status status="PASS" starttime="20260601 21:35:43.367" endtime="20260601 21:35:45.501"/>
</kw>
<status status="PASS" starttime="20260601 21:35:43.367" endtime="20260601 21:35:45.502"/>
</kw>
<doc>Testes para HdU-02 - Cadastro de Novo Item</doc>
<status status="PASS" starttime="20260601 21:35:39.386" endtime="20260601 21:35:45.502"/>
</suite>
<statistics>
<total>
<stat pass="4" fail="0" skip="0">All Tests</stat>
</total>
<tag>
<stat pass="4" fail="0" skip="0">cadastro</stat>
<stat pass="4" fail="0" skip="0">HdU02</stat>
<stat pass="1" fail="0" skip="0">sucesso</stat>
<stat pass="3" fail="0" skip="0">validacao</stat>
</tag>
<suite>
<stat pass="4" fail="0" skip="0" id="s1" name="Hdu2 Cadastro Item">Hdu2 Cadastro Item</stat>
</suite>
</statistics>
<errors>
</errors>
</robot>
