<?xml version="1.0" encoding="UTF-8"?>
<robot generator="Robot 6.1.1 (Python 3.11.0 on win32)" generated="20260601 21:34:51.471" rpa="false" schemaversion="4">
<suite id="s1" name="Us010" source="C:\Users\kevin\OneDrive\Desktop\Trabalho da Faculdade\controle-compras-idoso\tests\robot\us010\us010.robot">
<kw name="Abrir Navegador" type="SETUP">
<kw name="Open Browser" library="SeleniumLibrary">
<arg>${BASE_URL}</arg>
<arg>chrome</arg>
<doc>Opens a new browser instance to the optional ``url``.</doc>
<msg timestamp="20260601 21:34:51.676" level="INFO">Opening browser 'chrome' to base url 'http://localhost:3000'.</msg>
<status status="PASS" starttime="20260601 21:34:51.675" endtime="20260601 21:34:53.200"/>
</kw>
<kw name="Set Selenium Implicit Wait" library="SeleniumLibrary">
<arg>10s</arg>
<doc>Sets the implicit wait value used by Selenium.</doc>
<status status="PASS" starttime="20260601 21:34:53.201" endtime="20260601 21:34:53.202"/>
</kw>
<kw name="Maximize Browser Window" library="SeleniumLibrary">
<doc>Maximizes current browser window.</doc>
<status status="PASS" starttime="20260601 21:34:53.202" endtime="20260601 21:34:53.228"/>
</kw>
<status status="PASS" starttime="20260601 21:34:51.675" endtime="20260601 21:34:53.228"/>
</kw>
<test id="s1-t1" name="US010-CT01 Criar usuário de teste" line="14">
<kw name="Ir Para Pagina">
<arg>${BASE_URL}</arg>
<kw name="Go To" library="SeleniumLibrary">
<arg>${url}</arg>
<doc>Navigates the current browser window to the provided ``url``.</doc>
<msg timestamp="20260601 21:34:53.229" level="INFO">Opening url 'http://localhost:3000'</msg>
<status status="PASS" starttime="20260601 21:34:53.229" endtime="20260601 21:34:53.255"/>
</kw>
<status status="PASS" starttime="20260601 21:34:53.229" endtime="20260601 21:34:53.255"/>
</kw>
<kw name="Clicar Em Cadastro">
<kw name="Click Element" library="SeleniumLibrary">
<arg>css=.login-link</arg>
<doc>Click the element identified by ``locator``.</doc>
<msg timestamp="20260601 21:34:53.257" level="INFO">Clicking element 'css=.login-link'.</msg>
<status status="PASS" starttime="20260601 21:34:53.256" endtime="20260601 21:34:53.341"/>
</kw>
<kw name="Wait Until Element Is Visible" library="SeleniumLibrary">
<arg>css=.cadastro-form</arg>
<arg>10s</arg>
<doc>Waits until the element ``locator`` is visible.</doc>
<status status="PASS" starttime="20260601 21:34:53.341" endtime="20260601 21:34:53.364"/>
</kw>
<status status="PASS" starttime="20260601 21:34:53.256" endtime="20260601 21:34:53.364"/>
</kw>
<kw name="Preencher Nome Cadastro">
<arg>${NOME_TESTE}</arg>
<kw name="Input Text" library="SeleniumLibrary">
<arg>css=[data-testid="cadastro-nome"]</arg>
<arg>${nome}</arg>
<doc>Types the given ``text`` into the text field identified by ``locator``.</doc>
<msg timestamp="20260601 21:34:53.366" level="INFO">Typing text 'Usuário Teste' into text field 'css=[data-testid="cadastro-nome"]'.</msg>
<status status="PASS" starttime="20260601 21:34:53.365" endtime="20260601 21:34:53.481"/>
</kw>
<status status="PASS" starttime="20260601 21:34:53.365" endtime="20260601 21:34:53.481"/>
</kw>
<kw name="Preencher Email Cadastro">
<arg>${EMAIL_TESTE}</arg>
<kw name="Input Text" library="SeleniumLibrary">
<arg>css=[data-testid="cadastro-email"]</arg>
<arg>${email}</arg>
<doc>Types the given ``text`` into the text field identified by ``locator``.</doc>
<msg timestamp="20260601 21:34:53.484" level="INFO">Typing text 'teste@exclusao.com' into text field 'css=[data-testid="cadastro-email"]'.</msg>
<status status="PASS" starttime="20260601 21:34:53.482" endtime="20260601 21:34:53.574"/>
</kw>
<status status="PASS" starttime="20260601 21:34:53.482" endtime="20260601 21:34:53.574"/>
</kw>
<kw name="Preencher Senha Cadastro">
<arg>${SENHA_TESTE}</arg>
<kw name="Input Text" library="SeleniumLibrary">
<arg>css=[data-testid="cadastro-senha"]</arg>
<arg>${senha}</arg>
<doc>Types the given ``text`` into the text field identified by ``locator``.</doc>
<msg timestamp="20260601 21:34:53.575" level="INFO">Typing text 'Teste123@' into text field 'css=[data-testid="cadastro-senha"]'.</msg>
<status status="PASS" starttime="20260601 21:34:53.575" endtime="20260601 21:34:53.647"/>
</kw>
<status status="PASS" starttime="20260601 21:34:53.575" endtime="20260601 21:34:53.647"/>
</kw>
<kw name="Preencher Confirmar Senha Cadastro">
<arg>${SENHA_TESTE}</arg>
<kw name="Input Text" library="SeleniumLibrary">
<arg>css=[data-testid="cadastro-confirmar-senha"]</arg>
<arg>${senha}</arg>
<doc>Types the given ``text`` into the text field identified by ``locator``.</doc>
<msg timestamp="20260601 21:34:53.648" level="INFO">Typing text 'Teste123@' into text field 'css=[data-testid="cadastro-confirmar-senha"]'.</msg>
<status status="PASS" starttime="20260601 21:34:53.648" endtime="20260601 21:34:53.725"/>
</kw>
<status status="PASS" starttime="20260601 21:34:53.647" endtime="20260601 21:34:53.725"/>
</kw>
<kw name="Submeter Cadastro">
<kw name="Click Element" library="SeleniumLibrary">
<arg>css=[data-testid="cadastro-submit"]</arg>
<doc>Click the element identified by ``locator``.</doc>
<msg timestamp="20260601 21:34:53.726" level="INFO">Clicking element 'css=[data-testid="cadastro-submit"]'.</msg>
<status status="PASS" starttime="20260601 21:34:53.725" endtime="20260601 21:34:53.793"/>
</kw>
<kw name="Wait Until Element Is Visible" library="SeleniumLibrary">
<arg>css=[data-testid="login-email"]</arg>
<arg>10s</arg>
<doc>Waits until the element ``locator`` is visible.</doc>
<status status="PASS" starttime="20260601 21:34:53.793" endtime="20260601 21:34:55.808"/>
</kw>
<status status="PASS" starttime="20260601 21:34:53.725" endtime="20260601 21:34:55.808"/>
</kw>
<kw name="Verificar Redirecionamento Login">
<kw name="Wait Until Element Is Visible" library="SeleniumLibrary">
<arg>css=[data-testid="login-email"]</arg>
<arg>10s</arg>
<doc>Waits until the element ``locator`` is visible.</doc>
<status status="PASS" starttime="20260601 21:34:55.808" endtime="20260601 21:34:55.821"/>
</kw>
<status status="PASS" starttime="20260601 21:34:55.808" endtime="20260601 21:34:55.822"/>
</kw>
<doc>Cria um usuário de teste para os casos de exclusão</doc>
<tag>setup</tag>
<tag>US010</tag>
<status status="PASS" starttime="20260601 21:34:53.228" endtime="20260601 21:34:55.822"/>
</test>
<test id="s1-t2" name="US010-CT02 Aviso de irreversibilidade" line="26">
<kw name="Realizar Login">
<arg>${EMAIL_TESTE}</arg>
<arg>${SENHA_TESTE}</arg>
<kw name="Wait Until Element Is Visible" library="SeleniumLibrary">
<arg>css=[data-testid="login-email"]</arg>
<arg>10s</arg>
<doc>Waits until the element ``locator`` is visible.</doc>
<status status="PASS" starttime="20260601 21:34:55.824" endtime="20260601 21:34:55.838"/>
</kw>
<kw name="Input Text" library="SeleniumLibrary">
<arg>css=[data-testid="login-email"]</arg>
<arg>${email}</arg>
<doc>Types the given ``text`` into the text field identified by ``locator``.</doc>
<msg timestamp="20260601 21:34:55.839" level="INFO">Typing text 'teste@exclusao.com' into text field 'css=[data-testid="login-email"]'.</msg>
<status status="PASS" starttime="20260601 21:34:55.838" endtime="20260601 21:34:55.925"/>
</kw>
<kw name="Input Text" library="SeleniumLibrary">
<arg>css=[data-testid="login-senha"]</arg>
<arg>${senha}</arg>
<doc>Types the given ``text`` into the text field identified by ``locator``.</doc>
<msg timestamp="20260601 21:34:55.927" level="INFO">Typing text 'Teste123@' into text field 'css=[data-testid="login-senha"]'.</msg>
<status status="PASS" starttime="20260601 21:34:55.925" endtime="20260601 21:34:56.016"/>
</kw>
<kw name="Click Element" library="SeleniumLibrary">
<arg>css=[data-testid="login-submit"]</arg>
<doc>Click the element identified by ``locator``.</doc>
<msg timestamp="20260601 21:34:56.016" level="INFO">Clicking element 'css=[data-testid="login-submit"]'.</msg>
<status status="PASS" starttime="20260601 21:34:56.016" endtime="20260601 21:34:56.137"/>
</kw>
<kw name="Wait Until Element Is Visible" library="SeleniumLibrary">
<arg>css=.main-container</arg>
<arg>10s</arg>
<doc>Waits until the element ``locator`` is visible.</doc>
<status status="PASS" starttime="20260601 21:34:56.137" endtime="20260601 21:34:56.155"/>
</kw>
<status status="PASS" starttime="20260601 21:34:55.824" endtime="20260601 21:34:56.155"/>
</kw>
<kw name="Clicar Em Configuracoes">
<kw name="Click Element" library="SeleniumLibrary">
<arg>css=[data-testid="btn-configuracoes"]</arg>
<doc>Click the element identified by ``locator``.</doc>
<msg timestamp="20260601 21:34:56.156" level="INFO">Clicking element 'css=[data-testid="btn-configuracoes"]'.</msg>
<status status="PASS" starttime="20260601 21:34:56.156" endtime="20260601 21:34:56.275"/>
</kw>
<kw name="Wait Until Element Is Visible" library="SeleniumLibrary">
<arg>css=.configuracoes-card</arg>
<arg>10s</arg>
<doc>Waits until the element ``locator`` is visible.</doc>
<status status="PASS" starttime="20260601 21:34:56.275" endtime="20260601 21:34:56.295"/>
</kw>
<status status="PASS" starttime="20260601 21:34:56.156" endtime="20260601 21:34:56.295"/>
</kw>
<kw name="Clicar Em Excluir Conta">
<kw name="Click Element" library="SeleniumLibrary">
<arg>css=[data-testid="btn-excluir-conta"]</arg>
<doc>Click the element identified by ``locator``.</doc>
<msg timestamp="20260601 21:34:56.296" level="INFO">Clicking element 'css=[data-testid="btn-excluir-conta"]'.</msg>
<status status="PASS" starttime="20260601 21:34:56.296" endtime="20260601 21:34:56.374"/>
</kw>
<kw name="Wait Until Element Is Visible" library="SeleniumLibrary">
<arg>css=[data-testid="modal-excluir-conta"]</arg>
<arg>10s</arg>
<doc>Waits until the element ``locator`` is visible.</doc>
<status status="PASS" starttime="20260601 21:34:56.376" endtime="20260601 21:34:56.395"/>
</kw>
<status status="PASS" starttime="20260601 21:34:56.295" endtime="20260601 21:34:56.395"/>
</kw>
<kw name="Verificar Aviso Irreversibilidade">
<kw name="Element Should Be Visible" library="SeleniumLibrary">
<arg>css=.modal-description</arg>
<doc>Verifies that the element identified by ``locator`` is visible.</doc>
<msg timestamp="20260601 21:34:56.417" level="INFO">Element 'css=.modal-description' is displayed.</msg>
<status status="PASS" starttime="20260601 21:34:56.397" endtime="20260601 21:34:56.417"/>
</kw>
<kw name="Element Should Contain" library="SeleniumLibrary">
<arg>css=.modal-description</arg>
<arg>irreversível</arg>
<doc>Verifies that element ``locator`` contains text ``expected``.</doc>
<msg timestamp="20260601 21:34:56.436" level="INFO">Element 'css=.modal-description' contains text 'irreversível'.</msg>
<status status="PASS" starttime="20260601 21:34:56.417" endtime="20260601 21:34:56.437"/>
</kw>
<status status="PASS" starttime="20260601 21:34:56.397" endtime="20260601 21:34:56.437"/>
</kw>
<kw name="Cancelar Exclusao">
<kw name="Click Element" library="SeleniumLibrary">
<arg>css=.btn-cancelar</arg>
<doc>Click the element identified by ``locator``.</doc>
<msg timestamp="20260601 21:34:56.437" level="INFO">Clicking element 'css=.btn-cancelar'.</msg>
<status status="PASS" starttime="20260601 21:34:56.437" endtime="20260601 21:34:56.506"/>
</kw>
<kw name="Wait Until Element Is Not Visible" library="SeleniumLibrary">
<arg>css=[data-testid="modal-excluir-conta"]</arg>
<arg>10s</arg>
<doc>Waits until the element ``locator`` is not visible.</doc>
<status status="PASS" starttime="20260601 21:34:56.506" endtime="20260601 21:35:06.565"/>
</kw>
<status status="PASS" starttime="20260601 21:34:56.437" endtime="20260601 21:35:06.566"/>
</kw>
<kw name="Realizar Logout">
<kw name="Click Element" library="SeleniumLibrary">
<arg>css=[data-testid="btn-sair-config"]</arg>
<doc>Click the element identified by ``locator``.</doc>
<msg timestamp="20260601 21:35:06.567" level="INFO">Clicking element 'css=[data-testid="btn-sair-config"]'.</msg>
<status status="PASS" starttime="20260601 21:35:06.567" endtime="20260601 21:35:06.624"/>
</kw>
<kw name="Wait Until Element Is Visible" library="SeleniumLibrary">
<arg>css=[data-testid="login-page"]</arg>
<arg>10s</arg>
<doc>Waits until the element ``locator`` is visible.</doc>
<status status="PASS" starttime="20260601 21:35:06.624" endtime="20260601 21:35:06.643"/>
</kw>
<status status="PASS" starttime="20260601 21:35:06.566" endtime="20260601 21:35:06.644"/>
</kw>
<doc>Verifica se o sistema exibe aviso destacando que a exclusão é irreversível</doc>
<tag>aviso</tag>
<tag>exclusao</tag>
<tag>US010</tag>
<status status="PASS" starttime="20260601 21:34:55.823" endtime="20260601 21:35:06.644"/>
</test>
<test id="s1-t3" name="US010-CT03 Confirmar com senha incorreta" line="36">
<kw name="Realizar Login">
<arg>${EMAIL_TESTE}</arg>
<arg>${SENHA_TESTE}</arg>
<kw name="Wait Until Element Is Visible" library="SeleniumLibrary">
<arg>css=[data-testid="login-email"]</arg>
<arg>10s</arg>
<doc>Waits until the element ``locator`` is visible.</doc>
<status status="PASS" starttime="20260601 21:35:06.646" endtime="20260601 21:35:06.661"/>
</kw>
<kw name="Input Text" library="SeleniumLibrary">
<arg>css=[data-testid="login-email"]</arg>
<arg>${email}</arg>
<doc>Types the given ``text`` into the text field identified by ``locator``.</doc>
<msg timestamp="20260601 21:35:06.661" level="INFO">Typing text 'teste@exclusao.com' into text field 'css=[data-testid="login-email"]'.</msg>
<status status="PASS" starttime="20260601 21:35:06.661" endtime="20260601 21:35:06.737"/>
</kw>
<kw name="Input Text" library="SeleniumLibrary">
<arg>css=[data-testid="login-senha"]</arg>
<arg>${senha}</arg>
<doc>Types the given ``text`` into the text field identified by ``locator``.</doc>
<msg timestamp="20260601 21:35:06.737" level="INFO">Typing text 'Teste123@' into text field 'css=[data-testid="login-senha"]'.</msg>
<status status="PASS" starttime="20260601 21:35:06.737" endtime="20260601 21:35:06.810"/>
</kw>
<kw name="Click Element" library="SeleniumLibrary">
<arg>css=[data-testid="login-submit"]</arg>
<doc>Click the element identified by ``locator``.</doc>
<msg timestamp="20260601 21:35:06.811" level="INFO">Clicking element 'css=[data-testid="login-submit"]'.</msg>
<status status="PASS" starttime="20260601 21:35:06.810" endtime="20260601 21:35:06.866"/>
</kw>
<kw name="Wait Until Element Is Visible" library="SeleniumLibrary">
<arg>css=.main-container</arg>
<arg>10s</arg>
<doc>Waits until the element ``locator`` is visible.</doc>
<status status="PASS" starttime="20260601 21:35:06.866" endtime="20260601 21:35:06.883"/>
</kw>
<status status="PASS" starttime="20260601 21:35:06.646" endtime="20260601 21:35:06.883"/>
</kw>
<kw name="Clicar Em Configuracoes">
<kw name="Click Element" library="SeleniumLibrary">
<arg>css=[data-testid="btn-configuracoes"]</arg>
<doc>Click the element identified by ``locator``.</doc>
<msg timestamp="20260601 21:35:06.885" level="INFO">Clicking element 'css=[data-testid="btn-configuracoes"]'.</msg>
<status status="PASS" starttime="20260601 21:35:06.885" endtime="20260601 21:35:06.940"/>
</kw>
<kw name="Wait Until Element Is Visible" library="SeleniumLibrary">
<arg>css=.configuracoes-card</arg>
<arg>10s</arg>
<doc>Waits until the element ``locator`` is visible.</doc>
<status status="PASS" starttime="20260601 21:35:06.940" endtime="20260601 21:35:06.956"/>
</kw>
<status status="PASS" starttime="20260601 21:35:06.883" endtime="20260601 21:35:06.956"/>
</kw>
<kw name="Clicar Em Excluir Conta">
<kw name="Click Element" library="SeleniumLibrary">
<arg>css=[data-testid="btn-excluir-conta"]</arg>
<doc>Click the element identified by ``locator``.</doc>
<msg timestamp="20260601 21:35:06.957" level="INFO">Clicking element 'css=[data-testid="btn-excluir-conta"]'.</msg>
<status status="PASS" starttime="20260601 21:35:06.957" endtime="20260601 21:35:07.030"/>
</kw>
<kw name="Wait Until Element Is Visible" library="SeleniumLibrary">
<arg>css=[data-testid="modal-excluir-conta"]</arg>
<arg>10s</arg>
<doc>Waits until the element ``locator`` is visible.</doc>
<status status="PASS" starttime="20260601 21:35:07.030" endtime="20260601 21:35:07.050"/>
</kw>
<status status="PASS" starttime="20260601 21:35:06.957" endtime="20260601 21:35:07.050"/>
</kw>
<kw name="Digitar Senha Exclusao">
<arg>senha_errada</arg>
<kw name="Input Text" library="SeleniumLibrary">
<arg>css=[data-testid="input-senha-exclusao"]</arg>
<arg>${senha}</arg>
<doc>Types the given ``text`` into the text field identified by ``locator``.</doc>
<msg timestamp="20260601 21:35:07.050" level="INFO">Typing text 'senha_errada' into text field 'css=[data-testid="input-senha-exclusao"]'.</msg>
<status status="PASS" starttime="20260601 21:35:07.050" endtime="20260601 21:35:07.137"/>
</kw>
<status status="PASS" starttime="20260601 21:35:07.050" endtime="20260601 21:35:07.137"/>
</kw>
<kw name="Confirmar Exclusao">
<kw name="Click Element" library="SeleniumLibrary">
<arg>css=[data-testid="btn-confirmar-excluir-conta"]</arg>
<doc>Click the element identified by ``locator``.</doc>
<msg timestamp="20260601 21:35:07.137" level="INFO">Clicking element 'css=[data-testid="btn-confirmar-excluir-conta"]'.</msg>
<status status="PASS" starttime="20260601 21:35:07.137" endtime="20260601 21:35:07.201"/>
</kw>
<status status="PASS" starttime="20260601 21:35:07.137" endtime="20260601 21:35:07.201"/>
</kw>
<kw name="Verificar Mensagem Erro Senha">
<kw name="Element Should Be Visible" library="SeleniumLibrary">
<arg>css=.modal-error</arg>
<doc>Verifies that the element identified by ``locator`` is visible.</doc>
<msg timestamp="20260601 21:35:07.222" level="INFO">Element 'css=.modal-error' is displayed.</msg>
<status status="PASS" starttime="20260601 21:35:07.202" endtime="20260601 21:35:07.222"/>
</kw>
<status status="PASS" starttime="20260601 21:35:07.202" endtime="20260601 21:35:07.222"/>
</kw>
<kw name="Cancelar Exclusao">
<kw name="Click Element" library="SeleniumLibrary">
<arg>css=.btn-cancelar</arg>
<doc>Click the element identified by ``locator``.</doc>
<msg timestamp="20260601 21:35:07.223" level="INFO">Clicking element 'css=.btn-cancelar'.</msg>
<status status="PASS" starttime="20260601 21:35:07.222" endtime="20260601 21:35:07.278"/>
</kw>
<kw name="Wait Until Element Is Not Visible" library="SeleniumLibrary">
<arg>css=[data-testid="modal-excluir-conta"]</arg>
<arg>10s</arg>
<doc>Waits until the element ``locator`` is not visible.</doc>
<status status="PASS" starttime="20260601 21:35:07.280" endtime="20260601 21:35:17.308"/>
</kw>
<status status="PASS" starttime="20260601 21:35:07.222" endtime="20260601 21:35:17.308"/>
</kw>
<kw name="Realizar Logout">
<kw name="Click Element" library="SeleniumLibrary">
<arg>css=[data-testid="btn-sair-config"]</arg>
<doc>Click the element identified by ``locator``.</doc>
<msg timestamp="20260601 21:35:17.309" level="INFO">Clicking element 'css=[data-testid="btn-sair-config"]'.</msg>
<status status="PASS" starttime="20260601 21:35:17.309" endtime="20260601 21:35:17.355"/>
</kw>
<kw name="Wait Until Element Is Visible" library="SeleniumLibrary">
<arg>css=[data-testid="login-page"]</arg>
<arg>10s</arg>
<doc>Waits until the element ``locator`` is visible.</doc>
<status status="PASS" starttime="20260601 21:35:17.355" endtime="20260601 21:35:17.370"/>
</kw>
<status status="PASS" starttime="20260601 21:35:17.308" endtime="20260601 21:35:17.370"/>
</kw>
<doc>Verifica se o sistema bloqueia a exclusão com senha incorreta</doc>
<tag>exclusao</tag>
<tag>senha-incorreta</tag>
<tag>US010</tag>
<status status="PASS" starttime="20260601 21:35:06.645" endtime="20260601 21:35:17.370"/>
</test>
<test id="s1-t4" name="US010-CT04 Cancelar exclusão de conta" line="48">
<kw name="Realizar Login">
<arg>${EMAIL_TESTE}</arg>
<arg>${SENHA_TESTE}</arg>
<kw name="Wait Until Element Is Visible" library="SeleniumLibrary">
<arg>css=[data-testid="login-email"]</arg>
<arg>10s</arg>
<doc>Waits until the element ``locator`` is visible.</doc>
<status status="PASS" starttime="20260601 21:35:17.371" endtime="20260601 21:35:17.385"/>
</kw>
<kw name="Input Text" library="SeleniumLibrary">
<arg>css=[data-testid="login-email"]</arg>
<arg>${email}</arg>
<doc>Types the given ``text`` into the text field identified by ``locator``.</doc>
<msg timestamp="20260601 21:35:17.386" level="INFO">Typing text 'teste@exclusao.com' into text field 'css=[data-testid="login-email"]'.</msg>
<status status="PASS" starttime="20260601 21:35:17.385" endtime="20260601 21:35:17.451"/>
</kw>
<kw name="Input Text" library="SeleniumLibrary">
<arg>css=[data-testid="login-senha"]</arg>
<arg>${senha}</arg>
<doc>Types the given ``text`` into the text field identified by ``locator``.</doc>
<msg timestamp="20260601 21:35:17.452" level="INFO">Typing text 'Teste123@' into text field 'css=[data-testid="login-senha"]'.</msg>
<status status="PASS" starttime="20260601 21:35:17.452" endtime="20260601 21:35:17.517"/>
</kw>
<kw name="Click Element" library="SeleniumLibrary">
<arg>css=[data-testid="login-submit"]</arg>
<doc>Click the element identified by ``locator``.</doc>
<msg timestamp="20260601 21:35:17.518" level="INFO">Clicking element 'css=[data-testid="login-submit"]'.</msg>
<status status="PASS" starttime="20260601 21:35:17.517" endtime="20260601 21:35:17.565"/>
</kw>
<kw name="Wait Until Element Is Visible" library="SeleniumLibrary">
<arg>css=.main-container</arg>
<arg>10s</arg>
<doc>Waits until the element ``locator`` is visible.</doc>
<status status="PASS" starttime="20260601 21:35:17.565" endtime="20260601 21:35:17.581"/>
</kw>
<status status="PASS" starttime="20260601 21:35:17.371" endtime="20260601 21:35:17.581"/>
</kw>
<kw name="Clicar Em Configuracoes">
<kw name="Click Element" library="SeleniumLibrary">
<arg>css=[data-testid="btn-configuracoes"]</arg>
<doc>Click the element identified by ``locator``.</doc>
<msg timestamp="20260601 21:35:17.581" level="INFO">Clicking element 'css=[data-testid="btn-configuracoes"]'.</msg>
<status status="PASS" starttime="20260601 21:35:17.581" endtime="20260601 21:35:17.627"/>
</kw>
<kw name="Wait Until Element Is Visible" library="SeleniumLibrary">
<arg>css=.configuracoes-card</arg>
<arg>10s</arg>
<doc>Waits until the element ``locator`` is visible.</doc>
<status status="PASS" starttime="20260601 21:35:17.627" endtime="20260601 21:35:17.640"/>
</kw>
<status status="PASS" starttime="20260601 21:35:17.581" endtime="20260601 21:35:17.640"/>
</kw>
<kw name="Clicar Em Excluir Conta">
<kw name="Click Element" library="SeleniumLibrary">
<arg>css=[data-testid="btn-excluir-conta"]</arg>
<doc>Click the element identified by ``locator``.</doc>
<msg timestamp="20260601 21:35:17.641" level="INFO">Clicking element 'css=[data-testid="btn-excluir-conta"]'.</msg>
<status status="PASS" starttime="20260601 21:35:17.641" endtime="20260601 21:35:17.686"/>
</kw>
<kw name="Wait Until Element Is Visible" library="SeleniumLibrary">
<arg>css=[data-testid="modal-excluir-conta"]</arg>
<arg>10s</arg>
<doc>Waits until the element ``locator`` is visible.</doc>
<status status="PASS" starttime="20260601 21:35:17.686" endtime="20260601 21:35:17.702"/>
</kw>
<status status="PASS" starttime="20260601 21:35:17.640" endtime="20260601 21:35:17.702"/>
</kw>
<kw name="Cancelar Exclusao">
<kw name="Click Element" library="SeleniumLibrary">
<arg>css=.btn-cancelar</arg>
<doc>Click the element identified by ``locator``.</doc>
<msg timestamp="20260601 21:35:17.704" level="INFO">Clicking element 'css=.btn-cancelar'.</msg>
<status status="PASS" starttime="20260601 21:35:17.703" endtime="20260601 21:35:17.749"/>
</kw>
<kw name="Wait Until Element Is Not Visible" library="SeleniumLibrary">
<arg>css=[data-testid="modal-excluir-conta"]</arg>
<arg>10s</arg>
<doc>Waits until the element ``locator`` is not visible.</doc>
<status status="PASS" starttime="20260601 21:35:17.749" endtime="20260601 21:35:27.771"/>
</kw>
<status status="PASS" starttime="20260601 21:35:17.703" endtime="20260601 21:35:27.771"/>
</kw>
<kw name="Verificar Tela Configuracoes">
<kw name="Element Should Be Visible" library="SeleniumLibrary">
<arg>css=.configuracoes-card</arg>
<doc>Verifies that the element identified by ``locator`` is visible.</doc>
<msg timestamp="20260601 21:35:27.786" level="INFO">Element 'css=.configuracoes-card' is displayed.</msg>
<status status="PASS" starttime="20260601 21:35:27.771" endtime="20260601 21:35:27.786"/>
</kw>
<status status="PASS" starttime="20260601 21:35:27.771" endtime="20260601 21:35:27.786"/>
</kw>
<kw name="Clicar Botao Voltar Configuracoes">
<kw name="Click Element" library="SeleniumLibrary">
<arg>css=[data-testid="btn-voltar-config"]</arg>
<doc>Click the element identified by ``locator``.</doc>
<msg timestamp="20260601 21:35:27.787" level="INFO">Clicking element 'css=[data-testid="btn-voltar-config"]'.</msg>
<status status="PASS" starttime="20260601 21:35:27.787" endtime="20260601 21:35:27.845"/>
</kw>
<kw name="Wait Until Element Is Visible" library="SeleniumLibrary">
<arg>css=.main-container</arg>
<arg>10s</arg>
<doc>Waits until the element ``locator`` is visible.</doc>
<status status="PASS" starttime="20260601 21:35:27.845" endtime="20260601 21:35:27.861"/>
</kw>
<status status="PASS" starttime="20260601 21:35:27.787" endtime="20260601 21:35:27.861"/>
</kw>
<kw name="Wait Until Element Is Visible" library="SeleniumLibrary">
<arg>css=.main-container</arg>
<arg>10s</arg>
<doc>Waits until the element ``locator`` is visible.</doc>
<status status="PASS" starttime="20260601 21:35:27.861" endtime="20260601 21:35:27.874"/>
</kw>
<kw name="Logout Da Tela Principal">
<kw name="Click Element" library="SeleniumLibrary">
<arg>css=[data-testid="btn-sair-principal"]</arg>
<doc>Click the element identified by ``locator``.</doc>
<msg timestamp="20260601 21:35:27.876" level="INFO">Clicking element 'css=[data-testid="btn-sair-principal"]'.</msg>
<status status="PASS" starttime="20260601 21:35:27.876" endtime="20260601 21:35:27.926"/>
</kw>
<kw name="Wait Until Element Is Visible" library="SeleniumLibrary">
<arg>css=[data-testid="login-page"]</arg>
<arg>10s</arg>
<doc>Waits until the element ``locator`` is visible.</doc>
<status status="PASS" starttime="20260601 21:35:27.926" endtime="20260601 21:35:27.941"/>
</kw>
<status status="PASS" starttime="20260601 21:35:27.876" endtime="20260601 21:35:27.941"/>
</kw>
<kw name="Realizar Login">
<arg>${EMAIL_TESTE}</arg>
<arg>${SENHA_TESTE}</arg>
<kw name="Wait Until Element Is Visible" library="SeleniumLibrary">
<arg>css=[data-testid="login-email"]</arg>
<arg>10s</arg>
<doc>Waits until the element ``locator`` is visible.</doc>
<status status="PASS" starttime="20260601 21:35:27.941" endtime="20260601 21:35:27.954"/>
</kw>
<kw name="Input Text" library="SeleniumLibrary">
<arg>css=[data-testid="login-email"]</arg>
<arg>${email}</arg>
<doc>Types the given ``text`` into the text field identified by ``locator``.</doc>
<msg timestamp="20260601 21:35:27.954" level="INFO">Typing text 'teste@exclusao.com' into text field 'css=[data-testid="login-email"]'.</msg>
<status status="PASS" starttime="20260601 21:35:27.954" endtime="20260601 21:35:28.017"/>
</kw>
<kw name="Input Text" library="SeleniumLibrary">
<arg>css=[data-testid="login-senha"]</arg>
<arg>${senha}</arg>
<doc>Types the given ``text`` into the text field identified by ``locator``.</doc>
<msg timestamp="20260601 21:35:28.018" level="INFO">Typing text 'Teste123@' into text field 'css=[data-testid="login-senha"]'.</msg>
<status status="PASS" starttime="20260601 21:35:28.017" endtime="20260601 21:35:28.076"/>
</kw>
<kw name="Click Element" library="SeleniumLibrary">
<arg>css=[data-testid="login-submit"]</arg>
<doc>Click the element identified by ``locator``.</doc>
<msg timestamp="20260601 21:35:28.077" level="INFO">Clicking element 'css=[data-testid="login-submit"]'.</msg>
<status status="PASS" starttime="20260601 21:35:28.076" endtime="20260601 21:35:28.128"/>
</kw>
<kw name="Wait Until Element Is Visible" library="SeleniumLibrary">
<arg>css=.main-container</arg>
<arg>10s</arg>
<doc>Waits until the element ``locator`` is visible.</doc>
<status status="PASS" starttime="20260601 21:35:28.128" endtime="20260601 21:35:28.142"/>
</kw>
<status status="PASS" starttime="20260601 21:35:27.941" endtime="20260601 21:35:28.142"/>
</kw>
<kw name="Verificar Login Com Sucesso">
<kw name="Element Should Be Visible" library="SeleniumLibrary">
<arg>css=.main-container</arg>
<doc>Verifies that the element identified by ``locator`` is visible.</doc>
<msg timestamp="20260601 21:35:28.155" level="INFO">Element 'css=.main-container' is displayed.</msg>
<status status="PASS" starttime="20260601 21:35:28.143" endtime="20260601 21:35:28.155"/>
</kw>
<status status="PASS" starttime="20260601 21:35:28.143" endtime="20260601 21:35:28.155"/>
</kw>
<kw name="Logout Da Tela Principal">
<kw name="Click Element" library="SeleniumLibrary">
<arg>css=[data-testid="btn-sair-principal"]</arg>
<doc>Click the element identified by ``locator``.</doc>
<msg timestamp="20260601 21:35:28.156" level="INFO">Clicking element 'css=[data-testid="btn-sair-principal"]'.</msg>
<status status="PASS" starttime="20260601 21:35:28.156" endtime="20260601 21:35:28.202"/>
</kw>
<kw name="Wait Until Element Is Visible" library="SeleniumLibrary">
<arg>css=[data-testid="login-page"]</arg>
<arg>10s</arg>
<doc>Waits until the element ``locator`` is visible.</doc>
<status status="PASS" starttime="20260601 21:35:28.203" endtime="20260601 21:35:28.217"/>
</kw>
<status status="PASS" starttime="20260601 21:35:28.156" endtime="20260601 21:35:28.217"/>
</kw>
<doc>Verifica se a conta é mantida ao cancelar o processo de exclusão</doc>
<tag>cancelar</tag>
<tag>exclusao</tag>
<tag>US010</tag>
<status status="PASS" starttime="20260601 21:35:17.371" endtime="20260601 21:35:28.217"/>
</test>
<test id="s1-t5" name="US010-CT05 Excluir conta com sucesso" line="63">
<kw name="Realizar Login">
<arg>${EMAIL_TESTE}</arg>
<arg>${SENHA_TESTE}</arg>
<kw name="Wait Until Element Is Visible" library="SeleniumLibrary">
<arg>css=[data-testid="login-email"]</arg>
<arg>10s</arg>
<doc>Waits until the element ``locator`` is visible.</doc>
<status status="PASS" starttime="20260601 21:35:28.220" endtime="20260601 21:35:28.233"/>
</kw>
<kw name="Input Text" library="SeleniumLibrary">
<arg>css=[data-testid="login-email"]</arg>
<arg>${email}</arg>
<doc>Types the given ``text`` into the text field identified by ``locator``.</doc>
<msg timestamp="20260601 21:35:28.233" level="INFO">Typing text 'teste@exclusao.com' into text field 'css=[data-testid="login-email"]'.</msg>
<status status="PASS" starttime="20260601 21:35:28.233" endtime="20260601 21:35:28.298"/>
</kw>
<kw name="Input Text" library="SeleniumLibrary">
<arg>css=[data-testid="login-senha"]</arg>
<arg>${senha}</arg>
<doc>Types the given ``text`` into the text field identified by ``locator``.</doc>
<msg timestamp="20260601 21:35:28.298" level="INFO">Typing text 'Teste123@' into text field 'css=[data-testid="login-senha"]'.</msg>
<status status="PASS" starttime="20260601 21:35:28.298" endtime="20260601 21:35:28.363"/>
</kw>
<kw name="Click Element" library="SeleniumLibrary">
<arg>css=[data-testid="login-submit"]</arg>
<doc>Click the element identified by ``locator``.</doc>
<msg timestamp="20260601 21:35:28.363" level="INFO">Clicking element 'css=[data-testid="login-submit"]'.</msg>
<status status="PASS" starttime="20260601 21:35:28.363" endtime="20260601 21:35:28.409"/>
</kw>
<kw name="Wait Until Element Is Visible" library="SeleniumLibrary">
<arg>css=.main-container</arg>
<arg>10s</arg>
<doc>Waits until the element ``locator`` is visible.</doc>
<status status="PASS" starttime="20260601 21:35:28.409" endtime="20260601 21:35:28.423"/>
</kw>
<status status="PASS" starttime="20260601 21:35:28.219" endtime="20260601 21:35:28.424"/>
</kw>
<kw name="Clicar Em Configuracoes">
<kw name="Click Element" library="SeleniumLibrary">
<arg>css=[data-testid="btn-configuracoes"]</arg>
<doc>Click the element identified by ``locator``.</doc>
<msg timestamp="20260601 21:35:28.424" level="INFO">Clicking element 'css=[data-testid="btn-configuracoes"]'.</msg>
<status status="PASS" starttime="20260601 21:35:28.424" endtime="20260601 21:35:28.473"/>
</kw>
<kw name="Wait Until Element Is Visible" library="SeleniumLibrary">
<arg>css=.configuracoes-card</arg>
<arg>10s</arg>
<doc>Waits until the element ``locator`` is visible.</doc>
<status status="PASS" starttime="20260601 21:35:28.474" endtime="20260601 21:35:28.490"/>
</kw>
<status status="PASS" starttime="20260601 21:35:28.424" endtime="20260601 21:35:28.490"/>
</kw>
<kw name="Clicar Em Excluir Conta">
<kw name="Click Element" library="SeleniumLibrary">
<arg>css=[data-testid="btn-excluir-conta"]</arg>
<doc>Click the element identified by ``locator``.</doc>
<msg timestamp="20260601 21:35:28.490" level="INFO">Clicking element 'css=[data-testid="btn-excluir-conta"]'.</msg>
<status status="PASS" starttime="20260601 21:35:28.490" endtime="20260601 21:35:28.541"/>
</kw>
<kw name="Wait Until Element Is Visible" library="SeleniumLibrary">
<arg>css=[data-testid="modal-excluir-conta"]</arg>
<arg>10s</arg>
<doc>Waits until the element ``locator`` is visible.</doc>
<status status="PASS" starttime="20260601 21:35:28.541" endtime="20260601 21:35:28.557"/>
</kw>
<status status="PASS" starttime="20260601 21:35:28.490" endtime="20260601 21:35:28.557"/>
</kw>
<kw name="Digitar Senha Exclusao">
<arg>${SENHA_TESTE}</arg>
<kw name="Input Text" library="SeleniumLibrary">
<arg>css=[data-testid="input-senha-exclusao"]</arg>
<arg>${senha}</arg>
<doc>Types the given ``text`` into the text field identified by ``locator``.</doc>
<msg timestamp="20260601 21:35:28.558" level="INFO">Typing text 'Teste123@' into text field 'css=[data-testid="input-senha-exclusao"]'.</msg>
<status status="PASS" starttime="20260601 21:35:28.558" endtime="20260601 21:35:28.630"/>
</kw>
<status status="PASS" starttime="20260601 21:35:28.557" endtime="20260601 21:35:28.630"/>
</kw>
<kw name="Confirmar Exclusao">
<kw name="Click Element" library="SeleniumLibrary">
<arg>css=[data-testid="btn-confirmar-excluir-conta"]</arg>
<doc>Click the element identified by ``locator``.</doc>
<msg timestamp="20260601 21:35:28.631" level="INFO">Clicking element 'css=[data-testid="btn-confirmar-excluir-conta"]'.</msg>
<status status="PASS" starttime="20260601 21:35:28.631" endtime="20260601 21:35:28.687"/>
</kw>
<status status="PASS" starttime="20260601 21:35:28.631" endtime="20260601 21:35:28.688"/>
</kw>
<kw name="Verificar Redirecionamento Login">
<kw name="Wait Until Element Is Visible" library="SeleniumLibrary">
<arg>css=[data-testid="login-email"]</arg>
<arg>10s</arg>
<doc>Waits until the element ``locator`` is visible.</doc>
<status status="PASS" starttime="20260601 21:35:28.688" endtime="20260601 21:35:28.704"/>
</kw>
<status status="PASS" starttime="20260601 21:35:28.688" endtime="20260601 21:35:28.704"/>
</kw>
<kw name="Tentar Login Com Credenciais Excluidas">
<arg>${EMAIL_TESTE}</arg>
<arg>${SENHA_TESTE}</arg>
<kw name="Input Text" library="SeleniumLibrary">
<arg>css=[data-testid="login-email"]</arg>
<arg>${email}</arg>
<doc>Types the given ``text`` into the text field identified by ``locator``.</doc>
<msg timestamp="20260601 21:35:28.705" level="INFO">Typing text 'teste@exclusao.com' into text field 'css=[data-testid="login-email"]'.</msg>
<status status="PASS" starttime="20260601 21:35:28.705" endtime="20260601 21:35:28.777"/>
</kw>
<kw name="Input Text" library="SeleniumLibrary">
<arg>css=[data-testid="login-senha"]</arg>
<arg>${senha}</arg>
<doc>Types the given ``text`` into the text field identified by ``locator``.</doc>
<msg timestamp="20260601 21:35:28.778" level="INFO">Typing text 'Teste123@' into text field 'css=[data-testid="login-senha"]'.</msg>
<status status="PASS" starttime="20260601 21:35:28.777" endtime="20260601 21:35:28.842"/>
</kw>
<kw name="Click Element" library="SeleniumLibrary">
<arg>css=[data-testid="login-submit"]</arg>
<doc>Click the element identified by ``locator``.</doc>
<msg timestamp="20260601 21:35:28.843" level="INFO">Clicking element 'css=[data-testid="login-submit"]'.</msg>
<status status="PASS" starttime="20260601 21:35:28.842" endtime="20260601 21:35:28.895"/>
</kw>
<status status="PASS" starttime="20260601 21:35:28.704" endtime="20260601 21:35:28.895"/>
</kw>
<kw name="Verificar Mensagem Erro Login">
<kw name="Element Should Be Visible" library="SeleniumLibrary">
<arg>css=[data-testid="login-error"]</arg>
<doc>Verifies that the element identified by ``locator`` is visible.</doc>
<msg timestamp="20260601 21:35:28.914" level="INFO">Element 'css=[data-testid="login-error"]' is displayed.</msg>
<status status="PASS" starttime="20260601 21:35:28.895" endtime="20260601 21:35:28.914"/>
</kw>
<status status="PASS" starttime="20260601 21:35:28.895" endtime="20260601 21:35:28.914"/>
</kw>
<doc>Verifica se a conta é excluída permanentemente ao confirmar com senha correta</doc>
<tag>exclusao</tag>
<tag>sucesso</tag>
<tag>US010</tag>
<status status="PASS" starttime="20260601 21:35:28.219" endtime="20260601 21:35:28.914"/>
</test>
<kw name="Fechar Navegador" type="TEARDOWN">
<kw name="Close Browser" library="SeleniumLibrary">
<doc>Closes the current browser.</doc>
<status status="PASS" starttime="20260601 21:35:28.916" endtime="20260601 21:35:31.077"/>
</kw>
<status status="PASS" starttime="20260601 21:35:28.916" endtime="20260601 21:35:31.078"/>
</kw>
<doc>Testes para US-010 - Excluir conta e dados permanentemente</doc>
<status status="PASS" starttime="20260601 21:34:51.472" endtime="20260601 21:35:31.078"/>
</suite>
<statistics>
<total>
<stat pass="5" fail="0" skip="0">All Tests</stat>
</total>
<tag>
<stat pass="1" fail="0" skip="0">aviso</stat>
<stat pass="1" fail="0" skip="0">cancelar</stat>
<stat pass="4" fail="0" skip="0">exclusao</stat>
<stat pass="1" fail="0" skip="0">senha-incorreta</stat>
<stat pass="1" fail="0" skip="0">setup</stat>
<stat pass="1" fail="0" skip="0">sucesso</stat>
<stat pass="5" fail="0" skip="0">US010</stat>
</tag>
<suite>
<stat pass="5" fail="0" skip="0" id="s1" name="Us010">Us010</stat>
</suite>
</statistics>
<errors>
</errors>
</robot>
