<?xml version="1.0" encoding="UTF-8"?>
<robot generator="Robot 6.1.1 (Python 3.11.0 on win32)" generated="20260601 21:31:01.298" rpa="false" schemaversion="4">
<suite id="s1" name="Us004 Cadastro Usuario" source="C:\Users\kevin\OneDrive\Desktop\Trabalho da Faculdade\controle-compras-idoso\tests\robot\us004_cadastro_usuario.robot">
<kw name="Abrir Navegador" type="SETUP">
<kw name="Open Browser" library="SeleniumLibrary">
<arg>${BASE_URL}</arg>
<arg>${BROWSER}</arg>
<doc>Opens a new browser instance to the optional ``url``.</doc>
<msg timestamp="20260601 21:31:01.523" level="INFO">Opening browser 'chrome' to base url 'http://localhost:3000'.</msg>
<status status="PASS" starttime="20260601 21:31:01.523" endtime="20260601 21:31:03.067"/>
</kw>
<kw name="Set Selenium Implicit Wait" library="SeleniumLibrary">
<arg>10s</arg>
<doc>Sets the implicit wait value used by Selenium.</doc>
<status status="PASS" starttime="20260601 21:31:03.067" endtime="20260601 21:31:03.070"/>
</kw>
<kw name="Maximize Browser Window" library="SeleniumLibrary">
<doc>Maximizes current browser window.</doc>
<status status="PASS" starttime="20260601 21:31:03.070" endtime="20260601 21:31:03.107"/>
</kw>
<status status="PASS" starttime="20260601 21:31:01.523" endtime="20260601 21:31:03.107"/>
</kw>
<test id="s1-t1" name="US004-CT01 Cadastro com Dados Válidos" line="12">
<kw name="Ir Para Pagina">
<arg>${BASE_URL}</arg>
<kw name="Go To" library="SeleniumLibrary">
<arg>${url}</arg>
<doc>Navigates the current browser window to the provided ``url``.</doc>
<msg timestamp="20260601 21:31:03.109" level="INFO">Opening url 'http://localhost:3000'</msg>
<status status="PASS" starttime="20260601 21:31:03.109" endtime="20260601 21:31:03.139"/>
</kw>
<status status="PASS" starttime="20260601 21:31:03.108" endtime="20260601 21:31:03.139"/>
</kw>
<kw name="Clicar Em Cadastro">
<kw name="Click Element" library="SeleniumLibrary">
<arg>css=.login-link</arg>
<doc>Click the element identified by ``locator``.</doc>
<msg timestamp="20260601 21:31:03.140" level="INFO">Clicking element 'css=.login-link'.</msg>
<status status="PASS" starttime="20260601 21:31:03.140" endtime="20260601 21:31:03.228"/>
</kw>
<kw name="Wait Until Element Is Visible" library="SeleniumLibrary">
<arg>css=.cadastro-form</arg>
<arg>10s</arg>
<doc>Waits until the element ``locator`` is visible.</doc>
<status status="PASS" starttime="20260601 21:31:03.228" endtime="20260601 21:31:03.250"/>
</kw>
<status status="PASS" starttime="20260601 21:31:03.140" endtime="20260601 21:31:03.251"/>
</kw>
<kw name="Preencher Nome Cadastro">
<arg>João Silva Teste</arg>
<kw name="Input Text" library="SeleniumLibrary">
<arg>css=[data-testid="cadastro-nome"]</arg>
<arg>${nome}</arg>
<doc>Types the given ``text`` into the text field identified by ``locator``.</doc>
<msg timestamp="20260601 21:31:03.252" level="INFO">Typing text 'João Silva Teste' into text field 'css=[data-testid="cadastro-nome"]'.</msg>
<status status="PASS" starttime="20260601 21:31:03.252" endtime="20260601 21:31:03.359"/>
</kw>
<status status="PASS" starttime="20260601 21:31:03.251" endtime="20260601 21:31:03.359"/>
</kw>
<kw name="Preencher Email Cadastro">
<arg>joao.silva.teste@email.com</arg>
<kw name="Input Text" library="SeleniumLibrary">
<arg>css=[data-testid="cadastro-email"]</arg>
<arg>${email}</arg>
<doc>Types the given ``text`` into the text field identified by ``locator``.</doc>
<msg timestamp="20260601 21:31:03.361" level="INFO">Typing text 'joao.silva.teste@email.com' into text field 'css=[data-testid="cadastro-email"]'.</msg>
<status status="PASS" starttime="20260601 21:31:03.361" endtime="20260601 21:31:03.449"/>
</kw>
<status status="PASS" starttime="20260601 21:31:03.361" endtime="20260601 21:31:03.449"/>
</kw>
<kw name="Preencher Senha Cadastro">
<arg>Senha123@</arg>
<kw name="Input Text" library="SeleniumLibrary">
<arg>css=[data-testid="cadastro-senha"]</arg>
<arg>${senha}</arg>
<doc>Types the given ``text`` into the text field identified by ``locator``.</doc>
<msg timestamp="20260601 21:31:03.451" level="INFO">Typing text 'Senha123@' into text field 'css=[data-testid="cadastro-senha"]'.</msg>
<status status="PASS" starttime="20260601 21:31:03.450" endtime="20260601 21:31:03.541"/>
</kw>
<status status="PASS" starttime="20260601 21:31:03.449" endtime="20260601 21:31:03.541"/>
</kw>
<kw name="Preencher Confirmar Senha Cadastro">
<arg>Senha123@</arg>
<kw name="Input Text" library="SeleniumLibrary">
<arg>css=[data-testid="cadastro-confirmar-senha"]</arg>
<arg>${senha}</arg>
<doc>Types the given ``text`` into the text field identified by ``locator``.</doc>
<msg timestamp="20260601 21:31:03.543" level="INFO">Typing text 'Senha123@' into text field 'css=[data-testid="cadastro-confirmar-senha"]'.</msg>
<status status="PASS" starttime="20260601 21:31:03.542" endtime="20260601 21:31:03.617"/>
</kw>
<status status="PASS" starttime="20260601 21:31:03.542" endtime="20260601 21:31:03.619"/>
</kw>
<kw name="Submeter Cadastro">
<kw name="Click Element" library="SeleniumLibrary">
<arg>css=[data-testid="cadastro-submit"]</arg>
<doc>Click the element identified by ``locator``.</doc>
<msg timestamp="20260601 21:31:03.620" level="INFO">Clicking element 'css=[data-testid="cadastro-submit"]'.</msg>
<status status="PASS" starttime="20260601 21:31:03.619" endtime="20260601 21:31:03.686"/>
</kw>
<kw name="Wait Until Element Is Visible" library="SeleniumLibrary">
<arg>css=[data-testid="login-email"]</arg>
<arg>10s</arg>
<doc>Waits until the element ``locator`` is visible.</doc>
<status status="PASS" starttime="20260601 21:31:03.686" endtime="20260601 21:31:05.749"/>
</kw>
<status status="PASS" starttime="20260601 21:31:03.619" endtime="20260601 21:31:05.749"/>
</kw>
<kw name="Verificar Redirecionamento Login">
<kw name="Wait Until Element Is Visible" library="SeleniumLibrary">
<arg>css=[data-testid="login-email"]</arg>
<arg>10s</arg>
<doc>Waits until the element ``locator`` is visible.</doc>
<status status="PASS" starttime="20260601 21:31:05.750" endtime="20260601 21:31:05.764"/>
</kw>
<kw name="Element Should Be Visible" library="SeleniumLibrary">
<arg>css=[data-testid="login-submit"]</arg>
<doc>Verifies that the element identified by ``locator`` is visible.</doc>
<msg timestamp="20260601 21:31:05.780" level="INFO">Element 'css=[data-testid="login-submit"]' is displayed.</msg>
<status status="PASS" starttime="20260601 21:31:05.764" endtime="20260601 21:31:05.780"/>
</kw>
<status status="PASS" starttime="20260601 21:31:05.749" endtime="20260601 21:31:05.780"/>
</kw>
<doc>Verifica se o cadastro é realizado com dados válidos</doc>
<tag>cadastro</tag>
<tag>sucesso</tag>
<tag>US004</tag>
<status status="PASS" starttime="20260601 21:31:03.107" endtime="20260601 21:31:05.781"/>
</test>
<test id="s1-t2" name="US004-CT02 Cadastro com Campos Vazios" line="24">
<kw name="Ir Para Pagina">
<arg>${BASE_URL}</arg>
<kw name="Go To" library="SeleniumLibrary">
<arg>${url}</arg>
<doc>Navigates the current browser window to the provided ``url``.</doc>
<msg timestamp="20260601 21:31:05.782" level="INFO">Opening url 'http://localhost:3000'</msg>
<status status="PASS" starttime="20260601 21:31:05.782" endtime="20260601 21:31:05.813"/>
</kw>
<status status="PASS" starttime="20260601 21:31:05.782" endtime="20260601 21:31:05.813"/>
</kw>
<kw name="Clicar Em Cadastro">
<kw name="Click Element" library="SeleniumLibrary">
<arg>css=.login-link</arg>
<doc>Click the element identified by ``locator``.</doc>
<msg timestamp="20260601 21:31:05.814" level="INFO">Clicking element 'css=.login-link'.</msg>
<status status="PASS" starttime="20260601 21:31:05.814" endtime="20260601 21:31:05.892"/>
</kw>
<kw name="Wait Until Element Is Visible" library="SeleniumLibrary">
<arg>css=.cadastro-form</arg>
<arg>10s</arg>
<doc>Waits until the element ``locator`` is visible.</doc>
<status status="PASS" starttime="20260601 21:31:05.892" endtime="20260601 21:31:05.915"/>
</kw>
<status status="PASS" starttime="20260601 21:31:05.814" endtime="20260601 21:31:05.915"/>
</kw>
<kw name="Submeter Cadastro">
<kw name="Click Element" library="SeleniumLibrary">
<arg>css=[data-testid="cadastro-submit"]</arg>
<doc>Click the element identified by ``locator``.</doc>
<msg timestamp="20260601 21:31:05.916" level="INFO">Clicking element 'css=[data-testid="cadastro-submit"]'.</msg>
<status status="PASS" starttime="20260601 21:31:05.916" endtime="20260601 21:31:05.972"/>
</kw>
<kw name="Wait Until Element Is Visible" library="SeleniumLibrary">
<arg>css=[data-testid="login-email"]</arg>
<arg>10s</arg>
<doc>Waits until the element ``locator`` is visible.</doc>
<msg timestamp="20260601 21:31:16.585" level="INFO" html="true">&lt;/td&gt;&lt;/tr&gt;&lt;tr&gt;&lt;td colspan="3"&gt;&lt;a href="selenium-screenshot-8.png"&gt;&lt;img src="selenium-screenshot-8.png" width="800px"&gt;&lt;/a&gt;</msg>
<msg timestamp="20260601 21:31:16.585" level="FAIL">Element 'css=[data-testid="login-email"]' not visible after 10 seconds.</msg>
<status status="FAIL" starttime="20260601 21:31:05.973" endtime="20260601 21:31:16.587"/>
</kw>
<status status="FAIL" starttime="20260601 21:31:05.916" endtime="20260601 21:31:16.587"/>
</kw>
<kw name="Verificar Mensagem Erro Nome Obrigatorio">
<status status="NOT RUN" starttime="20260601 21:31:16.587" endtime="20260601 21:31:16.587"/>
</kw>
<doc>Verifica se o sistema exibe erros ao tentar cadastro com campos vazios</doc>
<tag>cadastro</tag>
<tag>US004</tag>
<tag>validacao</tag>
<status status="FAIL" starttime="20260601 21:31:05.782" endtime="20260601 21:31:16.587">Element 'css=[data-testid="login-email"]' not visible after 10 seconds.</status>
</test>
<test id="s1-t3" name="US004-CT03 Cadastro com Email Inválido" line="32">
<kw name="Ir Para Pagina">
<arg>${BASE_URL}</arg>
<kw name="Go To" library="SeleniumLibrary">
<arg>${url}</arg>
<doc>Navigates the current browser window to the provided ``url``.</doc>
<msg timestamp="20260601 21:31:16.589" level="INFO">Opening url 'http://localhost:3000'</msg>
<status status="PASS" starttime="20260601 21:31:16.589" endtime="20260601 21:31:16.620"/>
</kw>
<status status="PASS" starttime="20260601 21:31:16.589" endtime="20260601 21:31:16.620"/>
</kw>
<kw name="Clicar Em Cadastro">
<kw name="Click Element" library="SeleniumLibrary">
<arg>css=.login-link</arg>
<doc>Click the element identified by ``locator``.</doc>
<msg timestamp="20260601 21:31:16.621" level="INFO">Clicking element 'css=.login-link'.</msg>
<status status="PASS" starttime="20260601 21:31:16.621" endtime="20260601 21:31:16.682"/>
</kw>
<kw name="Wait Until Element Is Visible" library="SeleniumLibrary">
<arg>css=.cadastro-form</arg>
<arg>10s</arg>
<doc>Waits until the element ``locator`` is visible.</doc>
<status status="PASS" starttime="20260601 21:31:16.682" endtime="20260601 21:31:16.700"/>
</kw>
<status status="PASS" starttime="20260601 21:31:16.621" endtime="20260601 21:31:16.700"/>
</kw>
<kw name="Preencher Nome Cadastro">
<arg>Maria Santos</arg>
<kw name="Input Text" library="SeleniumLibrary">
<arg>css=[data-testid="cadastro-nome"]</arg>
<arg>${nome}</arg>
<doc>Types the given ``text`` into the text field identified by ``locator``.</doc>
<msg timestamp="20260601 21:31:16.700" level="INFO">Typing text 'Maria Santos' into text field 'css=[data-testid="cadastro-nome"]'.</msg>
<status status="PASS" starttime="20260601 21:31:16.700" endtime="20260601 21:31:16.774"/>
</kw>
<status status="PASS" starttime="20260601 21:31:16.700" endtime="20260601 21:31:16.774"/>
</kw>
<kw name="Preencher Email Cadastro">
<arg>mariasantosemail.com</arg>
<kw name="Input Text" library="SeleniumLibrary">
<arg>css=[data-testid="cadastro-email"]</arg>
<arg>${email}</arg>
<doc>Types the given ``text`` into the text field identified by ``locator``.</doc>
<msg timestamp="20260601 21:31:16.774" level="INFO">Typing text 'mariasantosemail.com' into text field 'css=[data-testid="cadastro-email"]'.</msg>
<status status="PASS" starttime="20260601 21:31:16.774" endtime="20260601 21:31:16.849"/>
</kw>
<status status="PASS" starttime="20260601 21:31:16.774" endtime="20260601 21:31:16.849"/>
</kw>
<kw name="Preencher Senha Cadastro">
<arg>Senha123@</arg>
<kw name="Input Text" library="SeleniumLibrary">
<arg>css=[data-testid="cadastro-senha"]</arg>
<arg>${senha}</arg>
<doc>Types the given ``text`` into the text field identified by ``locator``.</doc>
<msg timestamp="20260601 21:31:16.851" level="INFO">Typing text 'Senha123@' into text field 'css=[data-testid="cadastro-senha"]'.</msg>
<status status="PASS" starttime="20260601 21:31:16.851" endtime="20260601 21:31:16.914"/>
</kw>
<status status="PASS" starttime="20260601 21:31:16.851" endtime="20260601 21:31:16.914"/>
</kw>
<kw name="Preencher Confirmar Senha Cadastro">
<arg>Senha123@</arg>
<kw name="Input Text" library="SeleniumLibrary">
<arg>css=[data-testid="cadastro-confirmar-senha"]</arg>
<arg>${senha}</arg>
<doc>Types the given ``text`` into the text field identified by ``locator``.</doc>
<msg timestamp="20260601 21:31:16.915" level="INFO">Typing text 'Senha123@' into text field 'css=[data-testid="cadastro-confirmar-senha"]'.</msg>
<status status="PASS" starttime="20260601 21:31:16.915" endtime="20260601 21:31:17.011"/>
</kw>
<status status="PASS" starttime="20260601 21:31:16.914" endtime="20260601 21:31:17.011"/>
</kw>
<kw name="Submeter Cadastro">
<kw name="Click Element" library="SeleniumLibrary">
<arg>css=[data-testid="cadastro-submit"]</arg>
<doc>Click the element identified by ``locator``.</doc>
<msg timestamp="20260601 21:31:17.012" level="INFO">Clicking element 'css=[data-testid="cadastro-submit"]'.</msg>
<status status="PASS" starttime="20260601 21:31:17.011" endtime="20260601 21:31:17.080"/>
</kw>
<kw name="Wait Until Element Is Visible" library="SeleniumLibrary">
<arg>css=[data-testid="login-email"]</arg>
<arg>10s</arg>
<doc>Waits until the element ``locator`` is visible.</doc>
<msg timestamp="20260601 21:31:23.941" level="WARN">Retrying (Retry(total=2, connect=None, read=None, redirect=None, status=None)) after connection broken by 'NewConnectionError('&lt;urllib3.connection.HTTPConnection object at 0x000001CB9455D910&gt;: Failed to establish a new connection: [WinError 10061] Nenhuma conexão pôde ser feita porque a máquina de destino as recusou ativamente')': /session/48e6797139599f5b3e61f986a4605c6f/screenshot</msg>
<msg timestamp="20260601 21:31:28.022" level="WARN">Retrying (Retry(total=1, connect=None, read=None, redirect=None, status=None)) after connection broken by 'NewConnectionError('&lt;urllib3.connection.HTTPConnection object at 0x000001CB94574690&gt;: Failed to establish a new connection: [WinError 10061] Nenhuma conexão pôde ser feita porque a máquina de destino as recusou ativamente')': /session/48e6797139599f5b3e61f986a4605c6f/screenshot</msg>
<errors>
<msg timestamp="20260601 21:31:23.941" level="WARN">Retrying (Retry(total=2, connect=None, read=None, redirect=None, status=None)) after connection broken by 'NewConnectionError('&lt;urllib3.connection.HTTPConnection object at 0x000001CB9455D910&gt;: Failed to establish a new connection: [WinError 10061] Nenhuma conexão pôde ser feita porque a máquina de destino as recusou ativamente')': /session/48e6797139599f5b3e61f986a4605c6f/screenshot</msg>
<msg timestamp="20260601 21:31:28.022" level="WARN">Retrying (Retry(total=1, connect=None, read=None, redirect=None, status=None)) after connection broken by 'NewConnectionError('&lt;urllib3.connection.HTTPConnection object at 0x000001CB94574690&gt;: Failed to establish a new connection: [WinError 10061] Nenhuma conexão pôde ser feita porque a máquina de destino as recusou ativamente')': /session/48e6797139599f5b3e61f986a4605c6f/screenshot</msg>
<msg timestamp="20260601 21:31:30.071" level="ERROR">Execution stopped by user.</msg>
</errors>
</robot>
