<?xml version="1.0" encoding="UTF-8"?>
<robot generator="Robot 6.1.1 (Python 3.12.10 on win32)" generated="20260530 22:22:43.415" rpa="false" schemaversion="4">
<suite id="s1" name="Us01 Cadastrar Usuario" source="C:\Users\User\git\controle-compras-idoso\tests\robot\us01\us01_cadastrar_usuario.robot">
<test id="s1-t1" name="CT-01-01 Cadastro realizado com sucesso" line="16">
<kw name="Abrir Navegador" library="Keywords" type="SETUP">
<arg>http://localhost:5173</arg>
<doc>Abre o navegador Chrome e navega para a URL especificada</doc>
<status status="PASS" starttime="20260530 22:22:43.536" endtime="20260530 22:22:45.118"/>
</kw>
<kw name="Clicar Em Cadastro" library="Keywords">
<doc>Clica no link de cadastro</doc>
<status status="PASS" starttime="20260530 22:22:45.120" endtime="20260530 22:22:45.712"/>
</kw>
<kw name="Preencher Nome Cadastro" library="Keywords">
<arg>Caio Queiroz Caetano</arg>
<doc>Preenche o campo nome no cadastro</doc>
<status status="PASS" starttime="20260530 22:22:45.712" endtime="20260530 22:22:45.820"/>
</kw>
<kw name="Preencher Email Cadastro" library="Keywords">
<arg>caio.queiroz@example.com</arg>
<doc>Preenche o campo email no cadastro</doc>
<status status="PASS" starttime="20260530 22:22:45.820" endtime="20260530 22:22:45.922"/>
</kw>
<kw name="Preencher Senha Cadastro" library="Keywords">
<arg>Abc123!</arg>
<doc>Preenche o campo senha no cadastro</doc>
<status status="PASS" starttime="20260530 22:22:45.922" endtime="20260530 22:22:45.986"/>
</kw>
<kw name="Preencher Confirmar Senha Cadastro" library="Keywords">
<arg>Abc123!</arg>
<doc>Preenche o campo confirmar senha no cadastro</doc>
<status status="PASS" starttime="20260530 22:22:45.986" endtime="20260530 22:22:46.052"/>
</kw>
<kw name="Submeter Cadastro" library="Keywords">
<doc>Clica no botão de cadastrar</doc>
<status status="PASS" starttime="20260530 22:22:46.052" endtime="20260530 22:22:46.613"/>
</kw>
<kw name="Verificar Mensagem Sucesso Cadastro" library="Keywords">
<arg>Cadastro realizado com sucesso</arg>
<doc>Verifica se a mensagem de cadastro com sucesso está visível</doc>
<status status="PASS" starttime="20260530 22:22:46.613" endtime="20260530 22:22:46.622"/>
</kw>
<kw name="Verificar Redirecionamento Login" library="Keywords">
<doc>Verifica se foi redirecionado para a tela de login</doc>
<status status="PASS" starttime="20260530 22:22:46.622" endtime="20260530 22:22:48.153"/>
</kw>
<kw name="Fechar Navegador" library="Keywords" type="TEARDOWN">
<doc>Fecha o navegador</doc>
<status status="PASS" starttime="20260530 22:22:48.153" endtime="20260530 22:22:50.299"/>
</kw>
<doc>Validar cadastro do familiar cuidador com nome completo, e-mail válido e senha forte.</doc>
<status status="PASS" starttime="20260530 22:22:43.535" endtime="20260530 22:22:50.299"/>
</test>
<test id="s1-t2" name="CT-01-02 Nome incompleto" line="27">
<kw name="Abrir Navegador" library="Keywords" type="SETUP">
<arg>http://localhost:5173</arg>
<doc>Abre o navegador Chrome e navega para a URL especificada</doc>
<status status="PASS" starttime="20260530 22:22:54.372" endtime="20260530 22:22:55.923"/>
</kw>
<kw name="Clicar Em Cadastro" library="Keywords">
<doc>Clica no link de cadastro</doc>
<status status="PASS" starttime="20260530 22:22:55.924" endtime="20260530 22:22:56.511"/>
</kw>
<kw name="Preencher Nome Cadastro" library="Keywords">
<arg>Caio</arg>
<doc>Preenche o campo nome no cadastro</doc>
<status status="PASS" starttime="20260530 22:22:56.511" endtime="20260530 22:22:56.574"/>
</kw>
<kw name="Preencher Email Cadastro" library="Keywords">
<arg>caio.queiroz@example.com</arg>
<doc>Preenche o campo email no cadastro</doc>
<status status="PASS" starttime="20260530 22:22:56.574" endtime="20260530 22:22:56.683"/>
</kw>
<kw name="Preencher Senha Cadastro" library="Keywords">
<arg>Abc123!</arg>
<doc>Preenche o campo senha no cadastro</doc>
<status status="PASS" starttime="20260530 22:22:56.683" endtime="20260530 22:22:56.750"/>
</kw>
<kw name="Preencher Confirmar Senha Cadastro" library="Keywords">
<arg>Abc123!</arg>
<doc>Preenche o campo confirmar senha no cadastro</doc>
<status status="PASS" starttime="20260530 22:22:56.750" endtime="20260530 22:22:56.819"/>
</kw>
<kw name="Submeter Cadastro" library="Keywords">
<doc>Clica no botão de cadastrar</doc>
<status status="PASS" starttime="20260530 22:22:56.819" endtime="20260530 22:22:57.380"/>
</kw>
<kw name="Verificar Mensagem Erro Cadastro" library="Keywords">
<arg>Informe nome e sobrenome</arg>
<doc>Verifica se uma mensagem de erro de cadastro está visível</doc>
<status status="PASS" starttime="20260530 22:22:57.380" endtime="20260530 22:22:57.392"/>
</kw>
<kw name="Fechar Navegador" library="Keywords" type="TEARDOWN">
<doc>Fecha o navegador</doc>
<status status="PASS" starttime="20260530 22:22:57.392" endtime="20260530 22:22:59.512"/>
</kw>
<doc>Validar que o formulário bloqueia cadastro quando o nome não possui sobrenome.</doc>
<status status="PASS" starttime="20260530 22:22:54.372" endtime="20260530 22:22:59.512"/>
</test>
<test id="s1-t3" name="CT-01-03 E-mail inválido" line="37">
<kw name="Abrir Navegador" library="Keywords" type="SETUP">
<arg>http://localhost:5173</arg>
<doc>Abre o navegador Chrome e navega para a URL especificada</doc>
<status status="PASS" starttime="20260530 22:23:03.587" endtime="20260530 22:23:05.120"/>
</kw>
<kw name="Clicar Em Cadastro" library="Keywords">
<doc>Clica no link de cadastro</doc>
<status status="PASS" starttime="20260530 22:23:05.120" endtime="20260530 22:23:05.706"/>
</kw>
<kw name="Preencher Nome Cadastro" library="Keywords">
<arg>Caio Queiroz Caetano</arg>
<doc>Preenche o campo nome no cadastro</doc>
<status status="PASS" starttime="20260530 22:23:05.706" endtime="20260530 22:23:05.810"/>
</kw>
<kw name="Preencher Email Cadastro" library="Keywords">
<arg>caio.queiroz@invalid</arg>
<doc>Preenche o campo email no cadastro</doc>
<status status="PASS" starttime="20260530 22:23:05.810" endtime="20260530 22:23:05.904"/>
</kw>
<kw name="Preencher Senha Cadastro" library="Keywords">
<arg>Abc123!</arg>
<doc>Preenche o campo senha no cadastro</doc>
<status status="PASS" starttime="20260530 22:23:05.904" endtime="20260530 22:23:05.968"/>
</kw>
<kw name="Preencher Confirmar Senha Cadastro" library="Keywords">
<arg>Abc123!</arg>
<doc>Preenche o campo confirmar senha no cadastro</doc>
<status status="PASS" starttime="20260530 22:23:05.968" endtime="20260530 22:23:06.034"/>
</kw>
<kw name="Submeter Cadastro" library="Keywords">
<doc>Clica no botão de cadastrar</doc>
<status status="PASS" starttime="20260530 22:23:06.034" endtime="20260530 22:23:06.591"/>
</kw>
<kw name="Verificar Mensagem Erro Cadastro" library="Keywords">
<arg>E-mail inválido</arg>
<doc>Verifica se uma mensagem de erro de cadastro está visível</doc>
<status status="PASS" starttime="20260530 22:23:06.591" endtime="20260530 22:23:06.600"/>
</kw>
<kw name="Fechar Navegador" library="Keywords" type="TEARDOWN">
<doc>Fecha o navegador</doc>
<status status="PASS" starttime="20260530 22:23:06.600" endtime="20260530 22:23:08.721"/>
</kw>
<doc>Validar que o formulário rejeita e-mail em formato inválido.</doc>
<status status="PASS" starttime="20260530 22:23:03.587" endtime="20260530 22:23:08.721"/>
</test>
<test id="s1-t4" name="CT-01-04 Senha fraca" line="47">
<kw name="Abrir Navegador" library="Keywords" type="SETUP">
<arg>http://localhost:5173</arg>
<doc>Abre o navegador Chrome e navega para a URL especificada</doc>
<status status="PASS" starttime="20260530 22:23:12.782" endtime="20260530 22:23:14.376"/>
</kw>
<kw name="Clicar Em Cadastro" library="Keywords">
<doc>Clica no link de cadastro</doc>
<status status="PASS" starttime="20260530 22:23:14.376" endtime="20260530 22:23:14.971"/>
</kw>
<kw name="Preencher Nome Cadastro" library="Keywords">
<arg>Caio Queiroz Caetano</arg>
<doc>Preenche o campo nome no cadastro</doc>
<status status="PASS" starttime="20260530 22:23:14.971" endtime="20260530 22:23:15.115"/>
</kw>
<kw name="Preencher Email Cadastro" library="Keywords">
<arg>caio.queiroz@example.com</arg>
<doc>Preenche o campo email no cadastro</doc>
<status status="PASS" starttime="20260530 22:23:15.116" endtime="20260530 22:23:15.229"/>
</kw>
<kw name="Preencher Senha Cadastro" library="Keywords">
<arg>abc</arg>
<doc>Preenche o campo senha no cadastro</doc>
<status status="PASS" starttime="20260530 22:23:15.230" endtime="20260530 22:23:15.285"/>
</kw>
<kw name="Preencher Confirmar Senha Cadastro" library="Keywords">
<arg>abc</arg>
<doc>Preenche o campo confirmar senha no cadastro</doc>
<status status="PASS" starttime="20260530 22:23:15.285" endtime="20260530 22:23:15.348"/>
</kw>
<kw name="Submeter Cadastro" library="Keywords">
<doc>Clica no botão de cadastrar</doc>
<status status="PASS" starttime="20260530 22:23:15.348" endtime="20260530 22:23:15.916"/>
</kw>
<kw name="Verificar Mensagem Erro Cadastro" library="Keywords">
<arg>A senha deve conter</arg>
<doc>Verifica se uma mensagem de erro de cadastro está visível</doc>
<status status="PASS" starttime="20260530 22:23:15.916" endtime="20260530 22:23:15.931"/>
</kw>
<kw name="Fechar Navegador" library="Keywords" type="TEARDOWN">
<doc>Fecha o navegador</doc>
<status status="PASS" starttime="20260530 22:23:15.931" endtime="20260530 22:23:18.062"/>
</kw>
<doc>Validar que o formulário bloqueia cadastro quando a senha não atende aos critérios mínimos.</doc>
<status status="PASS" starttime="20260530 22:23:12.782" endtime="20260530 22:23:18.062"/>
</test>
<test id="s1-t5" name="CT-01-05 E-mail já cadastrado" line="57">
<kw name="Abrir Navegador" library="Keywords" type="SETUP">
<arg>http://localhost:5173</arg>
<doc>Abre o navegador Chrome e navega para a URL especificada</doc>
<status status="PASS" starttime="20260530 22:23:22.146" endtime="20260530 22:23:23.711"/>
</kw>
<kw name="Clicar Em Cadastro" library="Keywords">
<doc>Clica no link de cadastro</doc>
<status status="PASS" starttime="20260530 22:23:23.711" endtime="20260530 22:23:24.316"/>
</kw>
<kw name="Preencher Nome Cadastro" library="Keywords">
<arg>Caio Queiroz Caetano</arg>
<doc>Preenche o campo nome no cadastro</doc>
<status status="PASS" starttime="20260530 22:23:24.316" endtime="20260530 22:23:24.422"/>
</kw>
<kw name="Preencher Email Cadastro" library="Keywords">
<arg>duplicado.teste@example.com</arg>
<doc>Preenche o campo email no cadastro</doc>
<status status="PASS" starttime="20260530 22:23:24.422" endtime="20260530 22:23:24.535"/>
</kw>
<kw name="Preencher Senha Cadastro" library="Keywords">
<arg>Abc123!</arg>
<doc>Preenche o campo senha no cadastro</doc>
<status status="PASS" starttime="20260530 22:23:24.535" endtime="20260530 22:23:24.600"/>
</kw>
<kw name="Preencher Confirmar Senha Cadastro" library="Keywords">
<arg>Abc123!</arg>
<doc>Preenche o campo confirmar senha no cadastro</doc>
<status status="PASS" starttime="20260530 22:23:24.600" endtime="20260530 22:23:24.665"/>
</kw>
<kw name="Submeter Cadastro" library="Keywords">
<doc>Clica no botão de cadastrar</doc>
<status status="PASS" starttime="20260530 22:23:24.665" endtime="20260530 22:23:25.238"/>
</kw>
<kw name="Verificar Mensagem Sucesso Cadastro" library="Keywords">
<arg>Cadastro realizado com sucesso</arg>
<doc>Verifica se a mensagem de cadastro com sucesso está visível</doc>
<status status="PASS" starttime="20260530 22:23:25.238" endtime="20260530 22:23:25.251"/>
</kw>
<kw name="Verificar Redirecionamento Login" library="Keywords">
<doc>Verifica se foi redirecionado para a tela de login</doc>
<status status="PASS" starttime="20260530 22:23:25.251" endtime="20260530 22:23:26.775"/>
</kw>
<kw name="Clicar Em Cadastro" library="Keywords">
<doc>Clica no link de cadastro</doc>
<status status="PASS" starttime="20260530 22:23:26.781" endtime="20260530 22:23:27.323"/>
</kw>
<kw name="Preencher Nome Cadastro" library="Keywords">
<arg>Maria Silva</arg>
<doc>Preenche o campo nome no cadastro</doc>
<status status="PASS" starttime="20260530 22:23:27.323" endtime="20260530 22:23:27.401"/>
</kw>
<kw name="Preencher Email Cadastro" library="Keywords">
<arg>duplicado.teste@example.com</arg>
<doc>Preenche o campo email no cadastro</doc>
<status status="PASS" starttime="20260530 22:23:27.401" endtime="20260530 22:23:27.498"/>
</kw>
<kw name="Preencher Senha Cadastro" library="Keywords">
<arg>Abc123!</arg>
<doc>Preenche o campo senha no cadastro</doc>
<status status="PASS" starttime="20260530 22:23:27.498" endtime="20260530 22:23:27.555"/>
</kw>
<kw name="Preencher Confirmar Senha Cadastro" library="Keywords">
<arg>Abc123!</arg>
<doc>Preenche o campo confirmar senha no cadastro</doc>
<status status="PASS" starttime="20260530 22:23:27.555" endtime="20260530 22:23:27.616"/>
</kw>
<kw name="Submeter Cadastro" library="Keywords">
<doc>Clica no botão de cadastrar</doc>
<status status="PASS" starttime="20260530 22:23:27.616" endtime="20260530 22:23:28.170"/>
</kw>
<kw name="Verificar Mensagem Erro Cadastro" library="Keywords">
<arg>E-mail já cadastrado</arg>
<doc>Verifica se uma mensagem de erro de cadastro está visível</doc>
<status status="PASS" starttime="20260530 22:23:28.171" endtime="20260530 22:23:28.181"/>
</kw>
<kw name="Fechar Navegador" library="Keywords" type="TEARDOWN">
<doc>Fecha o navegador</doc>
<status status="PASS" starttime="20260530 22:23:28.181" endtime="20260530 22:23:30.330"/>
</kw>
<doc>Validar que o sistema impede novo cadastro com e-mail já existente.</doc>
<status status="PASS" starttime="20260530 22:23:22.146" endtime="20260530 22:23:30.330"/>
</test>
<kw name="Limpar Banco Ao Final Da Suite" type="TEARDOWN">
<kw name="Abrir Navegador" library="Keywords">
<arg>http://localhost:5173</arg>
<doc>Abre o navegador Chrome e navega para a URL especificada</doc>
<status status="PASS" starttime="20260530 22:23:34.411" endtime="20260530 22:23:35.930"/>
</kw>
<kw name="Excluir Usuario Banco" library="Keywords">
<arg>caio.queiroz@example.com</arg>
<arg>Abc123!</arg>
<doc>Remove o usuário via UI: faz login, vai às configurações e exclui a conta</doc>
<status status="PASS" starttime="20260530 22:23:35.930" endtime="20260530 22:23:39.002"/>
</kw>
<kw name="Excluir Usuario Banco" library="Keywords">
<arg>duplicado.teste@example.com</arg>
<arg>Abc123!</arg>
<doc>Remove o usuário via UI: faz login, vai às configurações e exclui a conta</doc>
<status status="PASS" starttime="20260530 22:23:39.002" endtime="20260530 22:23:41.936"/>
</kw>
<kw name="Fechar Navegador" library="Keywords">
<doc>Fecha o navegador</doc>
<status status="PASS" starttime="20260530 22:23:41.936" endtime="20260530 22:23:44.074"/>
</kw>
<status status="PASS" starttime="20260530 22:23:34.411" endtime="20260530 22:23:44.074"/>
</kw>
<status status="PASS" starttime="20260530 22:22:43.416" endtime="20260530 22:23:44.074"/>
</suite>
<statistics>
<total>
<stat pass="5" fail="0" skip="0">All Tests</stat>
</total>
<tag>
</tag>
<suite>
<stat pass="5" fail="0" skip="0" id="s1" name="Us01 Cadastrar Usuario">Us01 Cadastrar Usuario</stat>
</suite>
</statistics>
<errors>
</errors>
</robot>
